#
# There is insufficient memory for the Java Runtime Environment to continue.
# Native memory allocation (malloc) failed to allocate 749936 bytes for Chunk::new
# Possible reasons:
#   The system is out of physical RAM or swap space
#   In 32 bit mode, the process size limit was hit
# Possible solutions:
#   Reduce memory load on the system
#   Increase physical memory or swap space
#   Check if swap backing store is full
#   Use 64 bit Java on a 64 bit OS
#   Decrease Java heap size (-Xmx/-Xms)
#   Decrease number of Java threads
#   Decrease Java thread stack sizes (-Xss)
#   Set larger code cache with -XX:ReservedCodeCacheSize=
# This output file may be truncated or incomplete.
#
#  Out of Memory Error (allocation.cpp:390), pid=6896, tid=0x00000000000004dc
#
# JRE version: OpenJDK Runtime Environment (8.0_152-b01) (build 1.8.0_152-release-1248-b01)
# Java VM: OpenJDK 64-Bit Server VM (25.152-b01 mixed mode windows-amd64 compressed oops)
# Failed to write core dump. Minidumps are not enabled by default on client versions of Windows
#

---------------  T H R E A D  ---------------

Current thread (0x00000000161ca800):  JavaThread "C2 CompilerThread0" daemon [_thread_in_native, id=1244, stack(0x0000000017820000,0x0000000017920000)]

Stack: [0x0000000017820000,0x0000000017920000]
[error occurred during error reporting (printing stack bounds), id 0xc0000005]

Native frames: (J=compiled Java code, j=interpreted, Vv=VM code, C=native code)


Current CompileTask:
C2:  43698 6771       4       com.android.utils.XmlUtils::append (540 bytes)


---------------  P R O C E S S  ---------------

Java Threads: ( => current thread )
  0x000000001cd1f000 JavaThread "ForkJoinPool.commonPool-worker-1" daemon [_thread_blocked, id=13132, stack(0x00000000226d0000,0x00000000227d0000)]
  0x000000001cd22800 JavaThread "Cache worker for Build Output Cleanup Cache (E:\Games\androidStudio\RecycleHW\.gradle\buildOutputCleanup)" [_thread_blocked, id=12568, stack(0x00000000225d0000,0x00000000226d0000)]
  0x000000001cd17800 JavaThread "Cache worker for task history cache (E:\Games\androidStudio\RecycleHW\.gradle\4.10.1\taskHistory)" [_thread_blocked, id=1788, stack(0x00000000224d0000,0x00000000225d0000)]
  0x000000001cd1d800 JavaThread "Task worker for ':' Thread 3" [_thread_blocked, id=4060, stack(0x00000000223d0000,0x00000000224d0000)]
  0x000000001cd1a000 JavaThread "Task worker for ':' Thread 2" [_thread_blocked, id=9900, stack(0x00000000222d0000,0x00000000223d0000)]
  0x000000001cd1a800 JavaThread "Task worker for ':'" [_thread_in_vm, id=1864, stack(0x00000000221d0000,0x00000000222d0000)]
  0x000000001cd1e800 JavaThread "Cache worker for file content cache (E:\Games\androidStudio\RecycleHW\.gradle\4.10.1\fileContent)" [_thread_blocked, id=1904, stack(0x00000000220d0000,0x00000000221d0000)]
  0x000000001cd1d000 JavaThread "Cache worker for file content cache (E:\Games\androidStudio\caches\4.10.1\fileContent)" [_thread_blocked, id=472, stack(0x0000000021fd0000,0x00000000220d0000)]
  0x000000001cd19000 JavaThread "Memory manager" [_thread_blocked, id=1504, stack(0x0000000021cd0000,0x0000000021dd0000)]
  0x000000001cd1c000 JavaThread "Build operations Thread 4" [_thread_blocked, id=9100, stack(0x00000000205d0000,0x00000000206d0000)]
  0x000000001cd17000 JavaThread "Build operations Thread 3" [_thread_blocked, id=11636, stack(0x00000000204d0000,0x00000000205d0000)]
  0x000000001ac68800 JavaThread "Build operations Thread 2" [_thread_blocked, id=11268, stack(0x00000000203d0000,0x00000000204d0000)]
  0x000000001ac6c800 JavaThread "Build operations" [_thread_blocked, id=12640, stack(0x0000000020070000,0x0000000020170000)]
  0x000000001ac6a000 JavaThread "Cache worker for Artifact transforms cache (E:\Games\androidStudio\caches\transforms-1)" [_thread_blocked, id=5532, stack(0x000000001ff70000,0x0000000020070000)]
  0x000000001ac68000 JavaThread "Cache worker for cache directory md-rule (E:\Games\androidStudio\caches\4.10.1\md-rule)" [_thread_blocked, id=7692, stack(0x000000001fbd0000,0x000000001fcd0000)]
  0x000000001ac67000 JavaThread "Cache worker for cache directory md-supplier (E:\Games\androidStudio\caches\4.10.1\md-supplier)" [_thread_blocked, id=12604, stack(0x000000001e690000,0x000000001e790000)]
  0x000000001ac6b000 JavaThread "Cache worker for journal cache (E:\Games\androidStudio\caches\journal-1)" [_thread_blocked, id=12488, stack(0x000000001e190000,0x000000001e290000)]
  0x000000001ac6d000 JavaThread "Cache worker for file hash cache (E:\Games\androidStudio\RecycleHW\.gradle\4.10.1\fileHashes)" [_thread_blocked, id=8588, stack(0x000000001bd50000,0x000000001be50000)]
  0x000000001ae94000 JavaThread "File lock request listener" [_thread_in_native, id=7956, stack(0x000000001bc50000,0x000000001bd50000)]
  0x000000001945d000 JavaThread "Cache worker for file hash cache (E:\Games\androidStudio\caches\4.10.1\fileHashes)" [_thread_blocked, id=2528, stack(0x000000001bb50000,0x000000001bc50000)]
  0x0000000019268800 JavaThread "Stdin handler" [_thread_blocked, id=9464, stack(0x000000001a880000,0x000000001a980000)]
  0x0000000019336000 JavaThread "Asynchronous log dispatcher for DefaultDaemonConnection: socket connection from /127.0.0.1:61664 to /127.0.0.1:61665" [_thread_blocked, id=2900, stack(0x000000001a780000,0x000000001a880000)]
  0x0000000019265800 JavaThread "Daemon worker" [_thread_blocked, id=1496, stack(0x000000001a480000,0x000000001a580000)]
  0x0000000019265000 JavaThread "Cancel handler" [_thread_blocked, id=11444, stack(0x000000001a380000,0x000000001a480000)]
  0x000000001924a000 JavaThread "Handler for socket connection from /127.0.0.1:61664 to /127.0.0.1:61665" [_thread_in_native, id=772, stack(0x000000001a280000,0x000000001a380000)]
  0x0000000019249800 JavaThread "Daemon" [_thread_blocked, id=3956, stack(0x000000001a180000,0x000000001a280000)]
  0x0000000019233000 JavaThread "Daemon periodic checks" [_thread_blocked, id=796, stack(0x000000001a080000,0x000000001a180000)]
  0x00000000190d2800 JavaThread "Incoming local TCP Connector on port 61664" [_thread_in_native, id=2836, stack(0x0000000019e30000,0x0000000019f30000)]
  0x000000001622b000 JavaThread "Service Thread" daemon [_thread_blocked, id=524, stack(0x0000000017f20000,0x0000000018020000)]
  0x000000001621d000 JavaThread "C1 CompilerThread2" daemon [_thread_blocked, id=6012, stack(0x0000000017a20000,0x0000000017b20000)]
  0x00000000161ce800 JavaThread "C2 CompilerThread1" daemon [_thread_blocked, id=9048, stack(0x0000000017920000,0x0000000017a20000)]
=>0x00000000161ca800 JavaThread "C2 CompilerThread0" daemon [_thread_in_native, id=1244, stack(0x0000000017820000,0x0000000017920000)]
  0x00000000161c9000 JavaThread "Attach Listener" daemon [_thread_blocked, id=4908, stack(0x0000000017720000,0x0000000017820000)]
  0x00000000161c8000 JavaThread "Signal Dispatcher" daemon [_thread_blocked, id=4912, stack(0x0000000017620000,0x0000000017720000)]
  0x000000000285b800 JavaThread "Finalizer" daemon [_thread_blocked, id=8260, stack(0x0000000017420000,0x0000000017520000)]
  0x0000000002850800 JavaThread "Reference Handler" daemon [_thread_blocked, id=9316, stack(0x0000000017320000,0x0000000017420000)]
  0x00000000005dd800 JavaThread "main" [_thread_blocked, id=3080, stack(0x0000000002660000,0x0000000002760000)]

Other Threads:
  0x0000000016197000 VMThread [stack: 0x0000000017220000,0x0000000017320000] [id=8284]
  0x0000000017b71800 WatcherThread [stack: 0x0000000018020000,0x0000000018120000] [id=3912]

VM state:not at safepoint (normal execution)

VM Mutex/Monitor currently owned by a thread: None

Heap:
 PSYoungGen      total 140800K, used 81070K [0x00000000e0000000, 0x00000000eb580000, 0x0000000100000000)
  eden space 124416K, 65% used [0x00000000e0000000,0x00000000e4f2ba68,0x00000000e7980000)
  from space 16384K, 0% used [0x00000000e7980000,0x00000000e7980000,0x00000000e8980000)
  to   space 15872K, 0% used [0x00000000ea600000,0x00000000ea600000,0x00000000eb580000)
 ParOldGen       total 73216K, used 30084K [0x00000000a0000000, 0x00000000a4780000, 0x00000000e0000000)
  object space 73216K, 41% used [0x00000000a0000000,0x00000000a1d61298,0x00000000a4780000)
 Metaspace       used 59630K, capacity 61250K, committed 61360K, reserved 1101824K
  class space    used 8114K, capacity 8546K, committed 8624K, reserved 1048576K

Card table byte_map: [0x0000000011c20000,0x0000000011f30000] byte_map_base: 0x0000000011720000

Marking Bits: (ParMarkBitMap*) 0x0000000070f15aa0
 Begin Bits: [0x0000000012530000, 0x0000000013d30000)
 End Bits:   [0x0000000013d30000, 0x0000000015530000)

Polling page: 0x00000000005c0000

CodeCache: size=245760Kb used=19547Kb max_used=19561Kb free=226212Kb
 bounds [0x0000000002860000, 0x0000000003ba0000, 0x0000000011860000]
 total_blobs=6820 nmethods=6027 adapters=706
 compilation: enabled

Compilation events (10 events):
Event: 43.574 Thread 0x00000000161ce800 nmethod 6768 0x0000000003b73fd0 code [0x0000000003b74120, 0x0000000003b74278]
Event: 43.574 Thread 0x00000000161ce800 6680       4       com.android.ide.common.resources.ResourceMergerItem::getName (5 bytes)
Event: 43.574 Thread 0x00000000161ce800 nmethod 6680 0x00000000038a5490 code [0x00000000038a55c0, 0x00000000038a5618]
Event: 43.574 Thread 0x00000000161ce800 6770       4       com.sun.org.apache.xerces.internal.dom.AttrImpl::getNodeValue (5 bytes)
Event: 43.575 Thread 0x00000000161ce800 nmethod 6770 0x0000000003aed390 code [0x0000000003aed4e0, 0x0000000003aed568]
Event: 43.579 Thread 0x000000001621d000 nmethod 6776% 0x0000000003b87150 code [0x0000000003b876e0, 0x0000000003b8b188]
Event: 43.579 Thread 0x000000001621d000 6775       3       sun.nio.cs.UTF_8::updatePositions (23 bytes)
Event: 43.579 Thread 0x000000001621d000 nmethod 6775 0x0000000003b74ed0 code [0x0000000003b75060, 0x0000000003b75498]
Event: 43.580 Thread 0x00000000161ce800 6777 %     4       sun.nio.cs.UTF_8$Encoder::encodeArrayLoop @ 109 (489 bytes)
Event: 43.624 Thread 0x00000000161ce800 nmethod 6777% 0x0000000003b71310 code [0x0000000003b714c0, 0x0000000003b721b0]

GC Heap History (10 events):
Event: 19.291 GC heap before
{Heap before GC invocations=12 (full 2):
 PSYoungGen      total 111616K, used 7353K [0x00000000e0000000, 0x00000000e8b80000, 0x0000000100000000)
  eden space 102400K, 0% used [0x00000000e0000000,0x00000000e0000000,0x00000000e6400000)
  from space 9216K, 79% used [0x00000000e6d80000,0x00000000e74ae658,0x00000000e7680000)
  to   space 9728K, 0% used [0x00000000e6400000,0x00000000e6400000,0x00000000e6d80000)
 ParOldGen       total 51200K, used 15480K [0x00000000a0000000, 0x00000000a3200000, 0x00000000e0000000)
  object space 51200K, 30% used [0x00000000a0000000,0x00000000a0f1e0b8,0x00000000a3200000)
 Metaspace       used 34814K, capacity 35326K, committed 35496K, reserved 1079296K
  class space    used 4851K, capacity 5065K, committed 5168K, reserved 1048576K
Event: 19.482 GC heap after
Heap after GC invocations=12 (full 2):
 PSYoungGen      total 111616K, used 0K [0x00000000e0000000, 0x00000000e8b80000, 0x0000000100000000)
  eden space 102400K, 0% used [0x00000000e0000000,0x00000000e0000000,0x00000000e6400000)
  from space 9216K, 0% used [0x00000000e6d80000,0x00000000e6d80000,0x00000000e7680000)
  to   space 9728K, 0% used [0x00000000e6400000,0x00000000e6400000,0x00000000e6d80000)
 ParOldGen       total 73216K, used 16299K [0x00000000a0000000, 0x00000000a4780000, 0x00000000e0000000)
  object space 73216K, 22% used [0x00000000a0000000,0x00000000a0fead48,0x00000000a4780000)
 Metaspace       used 34814K, capacity 35326K, committed 35496K, reserved 1079296K
  class space    used 4851K, capacity 5065K, committed 5168K, reserved 1048576K
}
Event: 26.746 GC heap before
{Heap before GC invocations=13 (full 2):
 PSYoungGen      total 111616K, used 102400K [0x00000000e0000000, 0x00000000e8b80000, 0x0000000100000000)
  eden space 102400K, 100% used [0x00000000e0000000,0x00000000e6400000,0x00000000e6400000)
  from space 9216K, 0% used [0x00000000e6d80000,0x00000000e6d80000,0x00000000e7680000)
  to   space 9728K, 0% used [0x00000000e6400000,0x00000000e6400000,0x00000000e6d80000)
 ParOldGen       total 73216K, used 16299K [0x00000000a0000000, 0x00000000a4780000, 0x00000000e0000000)
  object space 73216K, 22% used [0x00000000a0000000,0x00000000a0fead48,0x00000000a4780000)
 Metaspace       used 43708K, capacity 44538K, committed 44976K, reserved 1087488K
  class space    used 5935K, capacity 6220K, committed 6320K, reserved 1048576K
Event: 26.779 GC heap after
Heap after GC invocations=13 (full 2):
 PSYoungGen      total 112128K, used 9721K [0x00000000e0000000, 0x00000000e9580000, 0x0000000100000000)
  eden space 102400K, 0% used [0x00000000e0000000,0x00000000e0000000,0x00000000e6400000)
  from space 9728K, 99% used [0x00000000e6400000,0x00000000e6d7e600,0x00000000e6d80000)
  to   space 12288K, 0% used [0x00000000e8980000,0x00000000e8980000,0x00000000e9580000)
 ParOldGen       total 73216K, used 21405K [0x00000000a0000000, 0x00000000a4780000, 0x00000000e0000000)
  object space 73216K, 29% used [0x00000000a0000000,0x00000000a14e74b0,0x00000000a4780000)
 Metaspace       used 43708K, capacity 44538K, committed 44976K, reserved 1087488K
  class space    used 5935K, capacity 6220K, committed 6320K, reserved 1048576K
}
Event: 32.787 GC heap before
{Heap before GC invocations=14 (full 2):
 PSYoungGen      total 112128K, used 112121K [0x00000000e0000000, 0x00000000e9580000, 0x0000000100000000)
  eden space 102400K, 100% used [0x00000000e0000000,0x00000000e6400000,0x00000000e6400000)
  from space 9728K, 99% used [0x00000000e6400000,0x00000000e6d7e600,0x00000000e6d80000)
  to   space 12288K, 0% used [0x00000000e8980000,0x00000000e8980000,0x00000000e9580000)
 ParOldGen       total 73216K, used 21405K [0x00000000a0000000, 0x00000000a4780000, 0x00000000e0000000)
  object space 73216K, 29% used [0x00000000a0000000,0x00000000a14e74b0,0x00000000a4780000)
 Metaspace       used 54116K, capacity 55362K, committed 55600K, reserved 1097728K
  class space    used 7344K, capacity 7724K, committed 7728K, reserved 1048576K
Event: 32.822 GC heap after
Heap after GC invocations=14 (full 2):
 PSYoungGen      total 136704K, used 12286K [0x00000000e0000000, 0x00000000e9c00000, 0x0000000100000000)
  eden space 124416K, 0% used [0x00000000e0000000,0x00000000e0000000,0x00000000e7980000)
  from space 12288K, 99% used [0x00000000e8980000,0x00000000e957fad8,0x00000000e9580000)
  to   space 16384K, 0% used [0x00000000e7980000,0x00000000e7980000,0x00000000e8980000)
 ParOldGen       total 73216K, used 28061K [0x00000000a0000000, 0x00000000a4780000, 0x00000000e0000000)
  object space 73216K, 38% used [0x00000000a0000000,0x00000000a1b67758,0x00000000a4780000)
 Metaspace       used 54116K, capacity 55362K, committed 55600K, reserved 1097728K
  class space    used 7344K, capacity 7724K, committed 7728K, reserved 1048576K
}
Event: 35.975 GC heap before
{Heap before GC invocations=15 (full 2):
 PSYoungGen      total 136704K, used 58674K [0x00000000e0000000, 0x00000000e9c00000, 0x0000000100000000)
  eden space 124416K, 37% used [0x00000000e0000000,0x00000000e2d4cf48,0x00000000e7980000)
  from space 12288K, 99% used [0x00000000e8980000,0x00000000e957fad8,0x00000000e9580000)
  to   space 16384K, 0% used [0x00000000e7980000,0x00000000e7980000,0x00000000e8980000)
 ParOldGen       total 73216K, used 28061K [0x00000000a0000000, 0x00000000a4780000, 0x00000000e0000000)
  object space 73216K, 38% used [0x00000000a0000000,0x00000000a1b67758,0x00000000a4780000)
 Metaspace       used 57520K, capacity 59088K, committed 59160K, reserved 1099776K
  class space    used 7884K, capacity 8331K, committed 8368K, reserved 1048576K
Event: 36.006 GC heap after
Heap after GC invocations=15 (full 2):
 PSYoungGen      total 140800K, used 5123K [0x00000000e0000000, 0x00000000eb580000, 0x0000000100000000)
  eden space 124416K, 0% used [0x00000000e0000000,0x00000000e0000000,0x00000000e7980000)
  from space 16384K, 31% used [0x00000000e7980000,0x00000000e7e80dc8,0x00000000e8980000)
  to   space 15872K, 0% used [0x00000000ea600000,0x00000000ea600000,0x00000000eb580000)
 ParOldGen       total 73216K, used 39672K [0x00000000a0000000, 0x00000000a4780000, 0x00000000e0000000)
  object space 73216K, 54% used [0x00000000a0000000,0x00000000a26be0e0,0x00000000a4780000)
 Metaspace       used 57520K, capacity 59088K, committed 59160K, reserved 1099776K
  class space    used 7884K, capacity 8331K, committed 8368K, reserved 1048576K
}
Event: 36.006 GC heap before
{Heap before GC invocations=16 (full 3):
 PSYoungGen      total 140800K, used 5123K [0x00000000e0000000, 0x00000000eb580000, 0x0000000100000000)
  eden space 124416K, 0% used [0x00000000e0000000,0x00000000e0000000,0x00000000e7980000)
  from space 16384K, 31% used [0x00000000e7980000,0x00000000e7e80dc8,0x00000000e8980000)
  to   space 15872K, 0% used [0x00000000ea600000,0x00000000ea600000,0x00000000eb580000)
 ParOldGen       total 73216K, used 39672K [0x00000000a0000000, 0x00000000a4780000, 0x00000000e0000000)
  object space 73216K, 54% used [0x00000000a0000000,0x00000000a26be0e0,0x00000000a4780000)
 Metaspace       used 57520K, capacity 59088K, committed 59160K, reserved 1099776K
  class space    used 7884K, capacity 8331K, committed 8368K, reserved 1048576K
Event: 36.548 GC heap after
Heap after GC invocations=16 (full 3):
 PSYoungGen      total 140800K, used 0K [0x00000000e0000000, 0x00000000eb580000, 0x0000000100000000)
  eden space 124416K, 0% used [0x00000000e0000000,0x00000000e0000000,0x00000000e7980000)
  from space 16384K, 0% used [0x00000000e7980000,0x00000000e7980000,0x00000000e8980000)
  to   space 15872K, 0% used [0x00000000ea600000,0x00000000ea600000,0x00000000eb580000)
 ParOldGen       total 73216K, used 30084K [0x00000000a0000000, 0x00000000a4780000, 0x00000000e0000000)
  object space 73216K, 41% used [0x00000000a0000000,0x00000000a1d61298,0x00000000a4780000)
 Metaspace       used 57520K, capacity 59088K, committed 59160K, reserved 1099776K
  class space    used 7884K, capacity 8331K, committed 8368K, reserved 1048576K
}

Deoptimization events (10 events):
Event: 43.360 Thread 0x000000001cd1a800 Uncommon trap: reason=bimorphic action=maybe_recompile pc=0x0000000003a49624 method=com.sun.org.apache.xerces.internal.dom.AttributeMap.setNamedItem(Lorg/w3c/dom/Node;)Lorg/w3c/dom/Node; @ 4
Event: 43.360 Thread 0x000000001cd1a800 Uncommon trap: reason=class_check action=maybe_recompile pc=0x0000000003a3bce0 method=com.sun.org.apache.xerces.internal.dom.NodeImpl.getOwnerDocument()Lorg/w3c/dom/Document; @ 19
Event: 43.360 Thread 0x000000001cd1a800 Uncommon trap: reason=bimorphic action=maybe_recompile pc=0x0000000003a3781c method=com.sun.org.apache.xerces.internal.dom.NamedNodeMapImpl.findNamePoint(Ljava/lang/String;I)I @ 57
Event: 43.360 Thread 0x000000001cd1a800 Uncommon trap: reason=bimorphic action=maybe_recompile pc=0x0000000003a3781c method=com.sun.org.apache.xerces.internal.dom.NamedNodeMapImpl.findNamePoint(Ljava/lang/String;I)I @ 57
Event: 43.360 Thread 0x000000001cd1a800 Uncommon trap: reason=bimorphic action=maybe_recompile pc=0x0000000003a3781c method=com.sun.org.apache.xerces.internal.dom.NamedNodeMapImpl.findNamePoint(Ljava/lang/String;I)I @ 57
Event: 43.363 Thread 0x000000001cd1a800 Uncommon trap: reason=unstable_if action=reinterpret pc=0x0000000003a4e6b4 method=com.sun.org.apache.xerces.internal.dom.AttrImpl.getValue()Ljava/lang/String; @ 15
Event: 43.528 Thread 0x000000001cd1a800 Uncommon trap: reason=unstable_if action=reinterpret pc=0x0000000003aeb3d4 method=com.sun.org.apache.xerces.internal.dom.NamedNodeMapImpl.getLength()I @ 4
Event: 43.559 Thread 0x000000001cd1a800 Uncommon trap: reason=class_check action=maybe_recompile pc=0x0000000003aef690 method=java.io.Writer.write(Ljava/lang/String;)V @ 7
Event: 43.560 Thread 0x000000001cd1a800 Uncommon trap: reason=unstable_if action=reinterpret pc=0x0000000003b0bf0c method=sun.nio.cs.UTF_8$Encoder.encodeArrayLoop(Ljava/nio/CharBuffer;Ljava/nio/ByteBuffer;)Ljava/nio/charset/CoderResult; @ 87
Event: 43.567 Thread 0x000000001cd1a800 Uncommon trap: reason=unstable_if action=reinterpret pc=0x0000000003b06ac4 method=sun.nio.cs.UTF_8$Encoder.encodeArrayLoop(Ljava/nio/CharBuffer;Ljava/nio/ByteBuffer;)Ljava/nio/charset/CoderResult; @ 87

Classes redefined (0 events):
No events

Internal exceptions (10 events):
Event: 35.858 Thread 0x000000001cd1a800 Exception <a 'java/lang/NoSuchMethodError': <clinit>> (0x00000000e2cb8d70) thrown at [D:\src\AOSP-openjdk-cygwin\jdk8u\hotspot\src\share\vm\prims\jni.cpp, line 1613]
Event: 36.735 Thread 0x000000001cd1a800 Implicit null exception at 0x0000000002dbf0a8 to 0x0000000002dbf5d9
Event: 38.292 Thread 0x000000001cd1a800 Exception <a 'java/lang/NoSuchMethodError': <clinit>> (0x00000000e174a3a0) thrown at [D:\src\AOSP-openjdk-cygwin\jdk8u\hotspot\src\share\vm\prims\jni.cpp, line 1613]
Event: 38.559 Thread 0x000000001cd1a800 Exception <a 'java/lang/NoSuchMethodError': <clinit>> (0x00000000e1933710) thrown at [D:\src\AOSP-openjdk-cygwin\jdk8u\hotspot\src\share\vm\prims\jni.cpp, line 1613]
Event: 38.560 Thread 0x000000001cd1a800 Exception <a 'java/lang/NoSuchMethodError': <clinit>> (0x00000000e193d268) thrown at [D:\src\AOSP-openjdk-cygwin\jdk8u\hotspot\src\share\vm\prims\jni.cpp, line 1613]
Event: 38.562 Thread 0x000000001cd1a800 Exception <a 'java/lang/NoSuchMethodError': <clinit>> (0x00000000e1953548) thrown at [D:\src\AOSP-openjdk-cygwin\jdk8u\hotspot\src\share\vm\prims\jni.cpp, line 1613]
Event: 38.566 Thread 0x000000001cd1a800 Exception <a 'java/lang/NoSuchMethodError': <clinit>> (0x00000000e195e218) thrown at [D:\src\AOSP-openjdk-cygwin\jdk8u\hotspot\src\share\vm\prims\jni.cpp, line 1613]
Event: 39.990 Thread 0x000000001cd1a800 Implicit null exception at 0x0000000002d7369e to 0x0000000002d73821
Event: 40.228 Thread 0x000000001cd1a800 Implicit null exception at 0x0000000002fb83c0 to 0x0000000002fb8581
Event: 43.528 Thread 0x000000001cd1a800 Implicit null exception at 0x0000000003aeb390 to 0x0000000003aeb3c1

Events (10 events):
Event: 43.662 loading class java/util/concurrent/ForkJoinTask$ExceptionNode done
Event: 43.662 loading class java/util/concurrent/ThreadLocalRandom
Event: 43.663 loading class java/util/concurrent/ThreadLocalRandom done
Event: 43.665 Thread 0x000000001cd1f000 Thread added: 0x000000001cd1f000
Event: 43.665 loading class java/util/concurrent/CountedCompleter
Event: 43.666 loading class java/util/concurrent/CountedCompleter done
Event: 43.666 loading class com/android/build/gradle/internal/res/Aapt2CompileWithBlameRunnable$run$1
Event: 43.666 loading class com/android/build/gradle/internal/res/Aapt2CompileWithBlameRunnable$run$1 done
Event: 43.667 loading class com/android/builder/internal/aapt/v2/Aapt2DaemonImpl
Event: 43.667 loading class com/android/builder/internal/aapt/v2/Aapt2DaemonImpl done


Dynamic libraries:
0x00007ff6cc340000 - 0x00007ff6cc371000 	C:\Program Files\Android\Android Studio1\jre\bin\java.exe
0x00007ffaab140000 - 0x00007ffaab321000 	C:\WINDOWS\SYSTEM32\ntdll.dll
0x00007ffaa8fb0000 - 0x00007ffaa9062000 	C:\WINDOWS\System32\KERNEL32.DLL
0x00007ffaa75b0000 - 0x00007ffaa7823000 	C:\WINDOWS\System32\KERNELBASE.dll
0x00007ffaab060000 - 0x00007ffaab101000 	C:\WINDOWS\System32\ADVAPI32.dll
0x00007ffaaab70000 - 0x00007ffaaac0e000 	C:\WINDOWS\System32\msvcrt.dll
0x00007ffaa9370000 - 0x00007ffaa93cb000 	C:\WINDOWS\System32\sechost.dll
0x00007ffaa8600000 - 0x00007ffaa8724000 	C:\WINDOWS\System32\RPCRT4.dll
0x00007ffaa8850000 - 0x00007ffaa89e0000 	C:\WINDOWS\System32\USER32.dll
0x00007ffaa7590000 - 0x00007ffaa75b0000 	C:\WINDOWS\System32\win32u.dll
0x00007ffaa85d0000 - 0x00007ffaa85f8000 	C:\WINDOWS\System32\GDI32.dll
0x00007ffaa81f0000 - 0x00007ffaa8382000 	C:\WINDOWS\System32\gdi32full.dll
0x00007ffaa7830000 - 0x00007ffaa78cf000 	C:\WINDOWS\System32\msvcp_win.dll
0x00007ffaa80f0000 - 0x00007ffaa81e8000 	C:\WINDOWS\System32\ucrtbase.dll
0x00007ffa904e0000 - 0x00007ffa90749000 	C:\WINDOWS\WinSxS\amd64_microsoft.windows.common-controls_6595b64144ccf1df_6.0.17134.648_none_fb45a0e93062a6d2\COMCTL32.dll
0x00007ffaa8a60000 - 0x00007ffaa8d82000 	C:\WINDOWS\System32\combase.dll
0x00007ffaa7510000 - 0x00007ffaa758a000 	C:\WINDOWS\System32\bcryptPrimitives.dll
0x00007ffaa8820000 - 0x00007ffaa884d000 	C:\WINDOWS\System32\IMM32.DLL
0x0000000070670000 - 0x0000000070742000 	C:\Program Files\Android\Android Studio1\jre\jre\bin\msvcr100.dll
0x0000000070750000 - 0x0000000070f91000 	C:\Program Files\Android\Android Studio1\jre\jre\bin\server\jvm.dll
0x00007ffaaab00000 - 0x00007ffaaab08000 	C:\WINDOWS\System32\PSAPI.DLL
0x00007ffaa1b90000 - 0x00007ffaa1bb3000 	C:\WINDOWS\SYSTEM32\WINMM.dll
0x00007ffaa1b60000 - 0x00007ffaa1b8a000 	C:\WINDOWS\SYSTEM32\winmmbase.dll
0x00007ffaa8580000 - 0x00007ffaa85c9000 	C:\WINDOWS\System32\cfgmgr32.dll
0x00007ffaa5040000 - 0x00007ffaa504a000 	C:\WINDOWS\SYSTEM32\VERSION.dll
0x00007ffaa5ff0000 - 0x00007ffaa5ff9000 	C:\WINDOWS\SYSTEM32\WSOCK32.dll
0x00007ffaa8f40000 - 0x00007ffaa8fac000 	C:\WINDOWS\System32\WS2_32.dll
0x00007ffaa5fe0000 - 0x00007ffaa5fef000 	C:\Program Files\Android\Android Studio1\jre\jre\bin\verify.dll
0x00007ffaa1650000 - 0x00007ffaa1679000 	C:\Program Files\Android\Android Studio1\jre\jre\bin\java.dll
0x00007ffaa20b0000 - 0x00007ffaa20c6000 	C:\Program Files\Android\Android Studio1\jre\jre\bin\zip.dll
0x00007ffaa93d0000 - 0x00007ffaaa810000 	C:\WINDOWS\System32\SHELL32.dll
0x00007ffaa8d90000 - 0x00007ffaa8e39000 	C:\WINDOWS\System32\shcore.dll
0x00007ffaa7930000 - 0x00007ffaa803d000 	C:\WINDOWS\System32\windows.storage.dll
0x00007ffaaab10000 - 0x00007ffaaab61000 	C:\WINDOWS\System32\shlwapi.dll
0x00007ffaa74a0000 - 0x00007ffaa74b1000 	C:\WINDOWS\System32\kernel.appcore.dll
0x00007ffaa74c0000 - 0x00007ffaa74df000 	C:\WINDOWS\System32\profapi.dll
0x00007ffaa7450000 - 0x00007ffaa749c000 	C:\WINDOWS\System32\powrprof.dll
0x00007ffaa74e0000 - 0x00007ffaa74ea000 	C:\WINDOWS\System32\FLTLIB.DLL
0x00007ffaa0440000 - 0x00007ffaa045a000 	C:\Program Files\Android\Android Studio1\jre\jre\bin\net.dll
0x00007ffaa6970000 - 0x00007ffaa69d6000 	C:\WINDOWS\system32\mswsock.dll
0x00007ffaa0420000 - 0x00007ffaa0431000 	C:\Program Files\Android\Android Studio1\jre\jre\bin\nio.dll
0x00007ffa87a50000 - 0x00007ffa87a6e000 	E:\Games\androidStudio\native\25\windows-amd64\native-platform.dll
0x00007ffaa5fd0000 - 0x00007ffaa5fdd000 	C:\Program Files\Android\Android Studio1\jre\jre\bin\management.dll
0x00007ffaa6fa0000 - 0x00007ffaa6fb7000 	C:\WINDOWS\SYSTEM32\CRYPTSP.dll
0x00007ffaa6550000 - 0x00007ffaa6583000 	C:\WINDOWS\system32\rsaenh.dll
0x00007ffaa6f70000 - 0x00007ffaa6f95000 	C:\WINDOWS\SYSTEM32\bcrypt.dll
0x00007ffaa7380000 - 0x00007ffaa73a8000 	C:\WINDOWS\SYSTEM32\USERENV.dll
0x00007ffaa6b20000 - 0x00007ffaa6b2b000 	C:\WINDOWS\SYSTEM32\CRYPTBASE.dll
0x00007ffaa66f0000 - 0x00007ffaa6728000 	C:\WINDOWS\SYSTEM32\IPHLPAPI.DLL
0x00007ffaa9360000 - 0x00007ffaa9368000 	C:\WINDOWS\System32\NSI.dll
0x00007ffa9e710000 - 0x00007ffa9e726000 	C:\WINDOWS\SYSTEM32\dhcpcsvc6.DLL
0x00007ffa9fad0000 - 0x00007ffa9faea000 	C:\WINDOWS\SYSTEM32\dhcpcsvc.DLL

VM Arguments:
jvm_args: -Xmx1536m -Dfile.encoding=windows-1251 -Duser.country=RU -Duser.language=ru -Duser.variant 
java_command: org.gradle.launcher.daemon.bootstrap.GradleDaemon 4.10.1
java_class_path (initial): E:\Games\androidStudio\wrapper\dists\gradle-4.10.1-all\455itskqi2qtf0v2sja68alqd\gradle-4.10.1\lib\gradle-launcher-4.10.1.jar
Launcher Type: SUN_STANDARD

Environment Variables:
PATH=C:\Program Files (x86)\Common Files\Oracle\Java\javapath;C:\ProgramData\Oracle\Java\javapath;C:\Windows\system32;C:\Windows;C:\Windows\System32\Wbem;C:\Windows\System32\WindowsPowerShell\v1.0\;C:\Program Files (x86)\NVIDIA Corporation\PhysX\Common;C:\Program Files\dotnet\;C:\Program Files\Microsoft SQL Server\130\Tools\Binn\;C:\WINDOWS\system32;C:\WINDOWS;C:\WINDOWS\System32\Wbem;C:\WINDOWS\System32\WindowsPowerShell\v1.0\;C:\WINDOWS\System32\OpenSSH\;C:\Program Files\NVIDIA Corporation\NVIDIA NvDLISR;C:\Program Files\Git\cmd;C:\Program Files\Java\jdk1.8.0_161\bin;%USERPROFILE%\AppData\Local\Microsoft\WindowsApps;
USERNAME=Елзовета
OS=Windows_NT
PROCESSOR_IDENTIFIER=Intel64 Family 6 Model 142 Stepping 9, GenuineIntel



---------------  S Y S T E M  ---------------

OS: Windows 10.0 , 64 bit Build 17134 (10.0.17134.648)

CPU:total 4 (initial active 4) (2 cores per cpu, 2 threads per core) family 6 model 142 stepping 9, cmov, cx8, fxsr, mmx, sse, sse2, sse3, ssse3, sse4.1, sse4.2, popcnt, avx, avx2, aes, clmul, erms, 3dnowpref, lzcnt, ht, tsc, tscinvbit, bmi1, bmi2, adx

Memory: 4k page, physical 6156516k(923352k free), swap 9302244k(5144k free)

vm_info: OpenJDK 64-Bit Server VM (25.152-b01) for windows-amd64 JRE (1.8.0_152-release-1248-b01), built by "builder" with MS VC++ 10.0 (VS2010)

time: Thu Mar 21 20:52:54 2019
elapsed time: 43 seconds (0d 0h 0m 43s)

