#
# There is insufficient memory for the Java Runtime Environment to continue.
# Native memory allocation (malloc) failed to allocate 32744 bytes for ChunkPool::allocate
# Possible reasons:
#   The system is out of physical RAM or swap space
#   In 32 bit mode, the process size limit was hit
# Possible solutions:
#   Reduce memory load on the system
#   Increase physical memory or swap space
#   Check if swap backing store is full
#   Use 64 bit Java on a 64 bit OS
#   Decrease Java heap size (-Xmx/-Xms)
#   Decrease number of Java threads
#   Decrease Java thread stack sizes (-Xss)
#   Set larger code cache with -XX:ReservedCodeCacheSize=
# This output file may be truncated or incomplete.
#
#  Out of Memory Error (allocation.cpp:273), pid=8792, tid=0x00000000000020ec
#
# JRE version: OpenJDK Runtime Environment (8.0_152-b01) (build 1.8.0_152-release-1248-b01)
# Java VM: OpenJDK 64-Bit Server VM (25.152-b01 mixed mode windows-amd64 compressed oops)
# Failed to write core dump. Minidumps are not enabled by default on client versions of Windows
#

---------------  T H R E A D  ---------------

Current thread (0x0000000016af1800):  JavaThread "C2 CompilerThread1" daemon [_thread_in_native, id=8428, stack(0x0000000018220000,0x0000000018320000)]

Stack: [0x0000000018220000,0x0000000018320000]
[error occurred during error reporting (printing stack bounds), id 0xc0000005]

Native frames: (J=compiled Java code, j=interpreted, Vv=VM code, C=native code)


Current CompileTask:
C2:   3650 1350       4       java.net.URLClassLoader$1::run (5 bytes)


---------------  P R O C E S S  ---------------

Java Threads: ( => current thread )
  0x000000001a16c000 JavaThread "Cache worker for journal cache (E:\Games\androidStudio\caches\journal-1)" [_thread_blocked, id=11572, stack(0x000000001d720000,0x000000001d820000)]
  0x000000001a16b800 JavaThread "Cache worker for file hash cache (E:\Games\androidStudio\RecycleHW\.gradle\4.10.1\fileHashes)" [_thread_blocked, id=8008, stack(0x000000001c650000,0x000000001c750000)]
  0x0000000019ec5000 JavaThread "File lock request listener" [_thread_in_native, id=1368, stack(0x000000001c550000,0x000000001c650000)]
  0x0000000019cef000 JavaThread "Cache worker for file hash cache (E:\Games\androidStudio\caches\4.10.1\fileHashes)" [_thread_blocked, id=1564, stack(0x000000001c450000,0x000000001c550000)]
  0x0000000019a97000 JavaThread "Stdin handler" [_thread_blocked, id=8728, stack(0x000000001b180000,0x000000001b280000)]
  0x0000000019a96800 JavaThread "Asynchronous log dispatcher for DefaultDaemonConnection: socket connection from /127.0.0.1:61891 to /127.0.0.1:61892" [_thread_blocked, id=10600, stack(0x000000001b080000,0x000000001b180000)]
  0x0000000019aa4800 JavaThread "Daemon worker" [_thread_in_Java, id=5188, stack(0x000000001ad80000,0x000000001ae80000)]
  0x0000000019aa3800 JavaThread "Cancel handler" [_thread_blocked, id=11432, stack(0x000000001ac80000,0x000000001ad80000)]
  0x0000000019d0f000 JavaThread "Handler for socket connection from /127.0.0.1:61891 to /127.0.0.1:61892" [_thread_in_native, id=7004, stack(0x000000001ab80000,0x000000001ac80000)]
  0x0000000019d0e000 JavaThread "Daemon" [_thread_blocked, id=12292, stack(0x000000001aa80000,0x000000001ab80000)]
  0x0000000019cfc000 JavaThread "Daemon periodic checks" [_thread_blocked, id=10036, stack(0x000000001a980000,0x000000001aa80000)]
  0x0000000019d03800 JavaThread "Incoming local TCP Connector on port 61891" [_thread_in_native, id=13180, stack(0x000000001a730000,0x000000001a830000)]
  0x0000000018349000 JavaThread "Service Thread" daemon [_thread_blocked, id=5688, stack(0x0000000018820000,0x0000000018920000)]
  0x0000000016b27000 JavaThread "C1 CompilerThread2" daemon [_thread_blocked, id=11052, stack(0x0000000018720000,0x0000000018820000)]
=>0x0000000016af1800 JavaThread "C2 CompilerThread1" daemon [_thread_in_native, id=8428, stack(0x0000000018220000,0x0000000018320000)]
  0x0000000016ac9000 JavaThread "C2 CompilerThread0" daemon [_thread_in_native, id=10844, stack(0x0000000018120000,0x0000000018220000)]
  0x0000000016ad9000 JavaThread "Attach Listener" daemon [_thread_blocked, id=804, stack(0x0000000018020000,0x0000000018120000)]
  0x0000000016ad7800 JavaThread "Signal Dispatcher" daemon [_thread_blocked, id=11400, stack(0x0000000017f20000,0x0000000018020000)]
  0x0000000016ab9800 JavaThread "Finalizer" daemon [_thread_blocked, id=1160, stack(0x0000000017d20000,0x0000000017e20000)]
  0x0000000003152000 JavaThread "Reference Handler" daemon [_thread_blocked, id=12852, stack(0x0000000017c20000,0x0000000017d20000)]
  0x000000000305d800 JavaThread "main" [_thread_blocked, id=7764, stack(0x0000000002f30000,0x0000000003030000)]

Other Threads:
  0x0000000016a96800 VMThread [stack: 0x0000000017b20000,0x0000000017c20000] [id=4548]
  0x000000001834f000 WatcherThread [stack: 0x0000000018920000,0x0000000018a20000] [id=12760]

VM state:not at safepoint (normal execution)

VM Mutex/Monitor currently owned by a thread: None

Heap:
 PSYoungGen      total 28160K, used 17647K [0x00000000e0000000, 0x00000000e4100000, 0x0000000100000000)
  eden space 24576K, 57% used [0x00000000e0000000,0x00000000e0dbfde8,0x00000000e1800000)
  from space 3584K, 99% used [0x00000000e1800000,0x00000000e1b7c030,0x00000000e1b80000)
  to   space 8704K, 0% used [0x00000000e3880000,0x00000000e3880000,0x00000000e4100000)
 ParOldGen       total 64512K, used 8464K [0x00000000a0000000, 0x00000000a3f00000, 0x00000000e0000000)
  object space 64512K, 13% used [0x00000000a0000000,0x00000000a0844238,0x00000000a3f00000)
 Metaspace       used 17269K, capacity 17686K, committed 17792K, reserved 1064960K
  class space    used 2495K, capacity 2683K, committed 2688K, reserved 1048576K

Card table byte_map: [0x0000000012520000,0x0000000012830000] byte_map_base: 0x0000000012020000

Marking Bits: (ParMarkBitMap*) 0x0000000070f15aa0
 Begin Bits: [0x0000000012e30000, 0x0000000014630000)
 End Bits:   [0x0000000014630000, 0x0000000015e30000)

Polling page: 0x00000000013a0000

CodeCache: size=245760Kb used=5334Kb max_used=5334Kb free=240425Kb
 bounds [0x0000000003160000, 0x00000000036a0000, 0x0000000012160000]
 total_blobs=1931 nmethods=1544 adapters=300
 compilation: enabled

Compilation events (10 events):
Event: 3.566 Thread 0x0000000016b27000 1547       3       sun.misc.ProxyGenerator$ConstantPool::getFieldRef (33 bytes)
Event: 3.567 Thread 0x0000000016b27000 nmethod 1547 0x0000000003694c90 code [0x0000000003694f20, 0x0000000003695cc8]
Event: 3.569 Thread 0x0000000016b27000 1548       3       java.io.ByteArrayOutputStream::grow (43 bytes)
Event: 3.569 Thread 0x0000000016b27000 nmethod 1548 0x00000000036967d0 code [0x0000000003696980, 0x0000000003696f78]
Event: 3.570 Thread 0x0000000016b27000 1549       3       java.util.concurrent.locks.AbstractOwnableSynchronizer::setExclusiveOwnerThread (6 bytes)
Event: 3.571 Thread 0x0000000016b27000 nmethod 1549 0x00000000036971d0 code [0x0000000003697320, 0x0000000003697490]
Event: 3.589 Thread 0x0000000016b27000 1550       3       org.gradle.internal.service.DefaultServiceRegistry::access$1300 (4 bytes)
Event: 3.589 Thread 0x0000000016b27000 nmethod 1550 0x0000000003697510 code [0x0000000003697660, 0x0000000003697790]
Event: 3.591 Thread 0x0000000016b27000 1551       3       java.util.LinkedHashMap$LinkedValueIterator::next (8 bytes)
Event: 3.591 Thread 0x0000000016b27000 nmethod 1551 0x0000000003697810 code [0x0000000003697980, 0x0000000003697b88]

GC Heap History (10 events):
Event: 0.889 GC heap before
{Heap before GC invocations=1 (full 0):
 PSYoungGen      total 28160K, used 24576K [0x00000000e0000000, 0x00000000e1f00000, 0x0000000100000000)
  eden space 24576K, 100% used [0x00000000e0000000,0x00000000e1800000,0x00000000e1800000)
  from space 3584K, 0% used [0x00000000e1b80000,0x00000000e1b80000,0x00000000e1f00000)
  to   space 3584K, 0% used [0x00000000e1800000,0x00000000e1800000,0x00000000e1b80000)
 ParOldGen       total 64512K, used 0K [0x00000000a0000000, 0x00000000a3f00000, 0x00000000e0000000)
  object space 64512K, 0% used [0x00000000a0000000,0x00000000a0000000,0x00000000a3f00000)
 Metaspace       used 6784K, capacity 6904K, committed 7040K, reserved 1056768K
  class space    used 834K, capacity 877K, committed 896K, reserved 1048576K
Event: 0.897 GC heap after
Heap after GC invocations=1 (full 0):
 PSYoungGen      total 28160K, used 3579K [0x00000000e0000000, 0x00000000e1f00000, 0x0000000100000000)
  eden space 24576K, 0% used [0x00000000e0000000,0x00000000e0000000,0x00000000e1800000)
  from space 3584K, 99% used [0x00000000e1800000,0x00000000e1b7eda8,0x00000000e1b80000)
  to   space 3584K, 0% used [0x00000000e1b80000,0x00000000e1b80000,0x00000000e1f00000)
 ParOldGen       total 64512K, used 339K [0x00000000a0000000, 0x00000000a3f00000, 0x00000000e0000000)
  object space 64512K, 0% used [0x00000000a0000000,0x00000000a0054e30,0x00000000a3f00000)
 Metaspace       used 6784K, capacity 6904K, committed 7040K, reserved 1056768K
  class space    used 834K, capacity 877K, committed 896K, reserved 1048576K
}
Event: 1.212 GC heap before
{Heap before GC invocations=2 (full 0):
 PSYoungGen      total 28160K, used 28155K [0x00000000e0000000, 0x00000000e1f00000, 0x0000000100000000)
  eden space 24576K, 100% used [0x00000000e0000000,0x00000000e1800000,0x00000000e1800000)
  from space 3584K, 99% used [0x00000000e1800000,0x00000000e1b7eda8,0x00000000e1b80000)
  to   space 3584K, 0% used [0x00000000e1b80000,0x00000000e1b80000,0x00000000e1f00000)
 ParOldGen       total 64512K, used 339K [0x00000000a0000000, 0x00000000a3f00000, 0x00000000e0000000)
  object space 64512K, 0% used [0x00000000a0000000,0x00000000a0054e30,0x00000000a3f00000)
 Metaspace       used 7022K, capacity 7154K, committed 7424K, reserved 1056768K
  class space    used 870K, capacity 918K, committed 1024K, reserved 1048576K
Event: 1.216 GC heap after
Heap after GC invocations=2 (full 0):
 PSYoungGen      total 28160K, used 3013K [0x00000000e0000000, 0x00000000e3700000, 0x0000000100000000)
  eden space 24576K, 0% used [0x00000000e0000000,0x00000000e0000000,0x00000000e1800000)
  from space 3584K, 84% used [0x00000000e1b80000,0x00000000e1e71628,0x00000000e1f00000)
  to   space 3584K, 0% used [0x00000000e1800000,0x00000000e1800000,0x00000000e1b80000)
 ParOldGen       total 64512K, used 347K [0x00000000a0000000, 0x00000000a3f00000, 0x00000000e0000000)
  object space 64512K, 0% used [0x00000000a0000000,0x00000000a0056e30,0x00000000a3f00000)
 Metaspace       used 7022K, capacity 7154K, committed 7424K, reserved 1056768K
  class space    used 870K, capacity 918K, committed 1024K, reserved 1048576K
}
Event: 2.380 GC heap before
{Heap before GC invocations=3 (full 0):
 PSYoungGen      total 28160K, used 27589K [0x00000000e0000000, 0x00000000e3700000, 0x0000000100000000)
  eden space 24576K, 100% used [0x00000000e0000000,0x00000000e1800000,0x00000000e1800000)
  from space 3584K, 84% used [0x00000000e1b80000,0x00000000e1e71628,0x00000000e1f00000)
  to   space 3584K, 0% used [0x00000000e1800000,0x00000000e1800000,0x00000000e1b80000)
 ParOldGen       total 64512K, used 347K [0x00000000a0000000, 0x00000000a3f00000, 0x00000000e0000000)
  object space 64512K, 0% used [0x00000000a0000000,0x00000000a0056e30,0x00000000a3f00000)
 Metaspace       used 11709K, capacity 12006K, committed 12160K, reserved 1060864K
  class space    used 1561K, capacity 1657K, committed 1664K, reserved 1048576K
Event: 2.389 GC heap after
Heap after GC invocations=3 (full 0):
 PSYoungGen      total 28160K, used 3584K [0x00000000e0000000, 0x00000000e1f00000, 0x0000000100000000)
  eden space 24576K, 0% used [0x00000000e0000000,0x00000000e0000000,0x00000000e1800000)
  from space 3584K, 100% used [0x00000000e1800000,0x00000000e1b80000,0x00000000e1b80000)
  to   space 3584K, 0% used [0x00000000e1b80000,0x00000000e1b80000,0x00000000e1f00000)
 ParOldGen       total 64512K, used 2409K [0x00000000a0000000, 0x00000000a3f00000, 0x00000000e0000000)
  object space 64512K, 3% used [0x00000000a0000000,0x00000000a025a710,0x00000000a3f00000)
 Metaspace       used 11709K, capacity 12006K, committed 12160K, reserved 1060864K
  class space    used 1561K, capacity 1657K, committed 1664K, reserved 1048576K
}
Event: 2.736 GC heap before
{Heap before GC invocations=4 (full 0):
 PSYoungGen      total 28160K, used 28160K [0x00000000e0000000, 0x00000000e1f00000, 0x0000000100000000)
  eden space 24576K, 100% used [0x00000000e0000000,0x00000000e1800000,0x00000000e1800000)
  from space 3584K, 100% used [0x00000000e1800000,0x00000000e1b80000,0x00000000e1b80000)
  to   space 3584K, 0% used [0x00000000e1b80000,0x00000000e1b80000,0x00000000e1f00000)
 ParOldGen       total 64512K, used 2409K [0x00000000a0000000, 0x00000000a3f00000, 0x00000000e0000000)
  object space 64512K, 3% used [0x00000000a0000000,0x00000000a025a710,0x00000000a3f00000)
 Metaspace       used 13614K, capacity 13990K, committed 14208K, reserved 1060864K
  class space    used 1915K, capacity 2065K, committed 2176K, reserved 1048576K
Event: 2.747 GC heap after
Heap after GC invocations=4 (full 0):
 PSYoungGen      total 28160K, used 3584K [0x00000000e0000000, 0x00000000e3700000, 0x0000000100000000)
  eden space 24576K, 0% used [0x00000000e0000000,0x00000000e0000000,0x00000000e1800000)
  from space 3584K, 100% used [0x00000000e1b80000,0x00000000e1f00000,0x00000000e1f00000)
  to   space 3584K, 0% used [0x00000000e1800000,0x00000000e1800000,0x00000000e1b80000)
 ParOldGen       total 64512K, used 5166K [0x00000000a0000000, 0x00000000a3f00000, 0x00000000e0000000)
  object space 64512K, 8% used [0x00000000a0000000,0x00000000a050bb80,0x00000000a3f00000)
 Metaspace       used 13614K, capacity 13990K, committed 14208K, reserved 1060864K
  class space    used 1915K, capacity 2065K, committed 2176K, reserved 1048576K
}
Event: 3.316 GC heap before
{Heap before GC invocations=5 (full 0):
 PSYoungGen      total 28160K, used 28160K [0x00000000e0000000, 0x00000000e3700000, 0x0000000100000000)
  eden space 24576K, 100% used [0x00000000e0000000,0x00000000e1800000,0x00000000e1800000)
  from space 3584K, 100% used [0x00000000e1b80000,0x00000000e1f00000,0x00000000e1f00000)
  to   space 3584K, 0% used [0x00000000e1800000,0x00000000e1800000,0x00000000e1b80000)
 ParOldGen       total 64512K, used 5166K [0x00000000a0000000, 0x00000000a3f00000, 0x00000000e0000000)
  object space 64512K, 8% used [0x00000000a0000000,0x00000000a050bb80,0x00000000a3f00000)
 Metaspace       used 16131K, capacity 16470K, committed 16512K, reserved 1062912K
  class space    used 2302K, capacity 2427K, committed 2432K, reserved 1048576K
Event: 3.329 GC heap after
Heap after GC invocations=5 (full 0):
 PSYoungGen      total 28160K, used 3568K [0x00000000e0000000, 0x00000000e4100000, 0x0000000100000000)
  eden space 24576K, 0% used [0x00000000e0000000,0x00000000e0000000,0x00000000e1800000)
  from space 3584K, 99% used [0x00000000e1800000,0x00000000e1b7c030,0x00000000e1b80000)
  to   space 8704K, 0% used [0x00000000e3880000,0x00000000e3880000,0x00000000e4100000)
 ParOldGen       total 64512K, used 8464K [0x00000000a0000000, 0x00000000a3f00000, 0x00000000e0000000)
  object space 64512K, 13% used [0x00000000a0000000,0x00000000a0844238,0x00000000a3f00000)
 Metaspace       used 16131K, capacity 16470K, committed 16512K, reserved 1062912K
  class space    used 2302K, capacity 2427K, committed 2432K, reserved 1048576K
}

Deoptimization events (10 events):
Event: 2.366 Thread 0x0000000019aa4800 Uncommon trap: reason=bimorphic action=maybe_recompile pc=0x00000000033f6f20 method=java.util.HashMap.putVal(ILjava/lang/Object;Ljava/lang/Object;ZZ)Ljava/lang/Object; @ 253
Event: 2.809 Thread 0x0000000019aa4800 Uncommon trap: reason=class_check action=maybe_recompile pc=0x0000000003439f84 method=java.util.regex.Matcher.match(II)Z @ 86
Event: 2.829 Thread 0x0000000019aa4800 Uncommon trap: reason=class_check action=maybe_recompile pc=0x0000000003439f84 method=java.util.regex.Matcher.match(II)Z @ 86
Event: 2.829 Thread 0x0000000019aa4800 Uncommon trap: reason=class_check action=maybe_recompile pc=0x0000000003439f84 method=java.util.regex.Matcher.match(II)Z @ 86
Event: 2.830 Thread 0x0000000019aa4800 Uncommon trap: reason=class_check action=maybe_recompile pc=0x00000000033ed11c method=java.util.regex.Matcher.match(II)Z @ 86
Event: 2.988 Thread 0x0000000019aa4800 Uncommon trap: reason=unstable_if action=reinterpret pc=0x00000000035b3a74 method=java.lang.String.lastIndexOf([CII[CIII)I @ 66
Event: 3.543 Thread 0x0000000019aa4800 Uncommon trap: reason=unstable_if action=reinterpret pc=0x00000000032bd848 method=java.net.URI.match(CJJ)Z @ 19
Event: 3.544 Thread 0x0000000019aa4800 Uncommon trap: reason=unstable_if action=reinterpret pc=0x00000000033bc4c0 method=java.net.URI.match(CJJ)Z @ 19
Event: 3.544 Thread 0x0000000019aa4800 Uncommon trap: reason=unstable_if action=reinterpret pc=0x00000000032c0288 method=java.net.URI.match(CJJ)Z @ 19
Event: 3.593 Thread 0x0000000019aa4800 Uncommon trap: reason=unstable_if action=reinterpret pc=0x000000000342b3d8 method=java.io.File.getName()Ljava/lang/String; @ 16

Classes redefined (0 events):
No events

Internal exceptions (10 events):
Event: 2.276 Thread 0x0000000019d0f000 Exception <a 'java/lang/NoSuchMethodError': <clinit>> (0x00000000e1544950) thrown at [D:\src\AOSP-openjdk-cygwin\jdk8u\hotspot\src\share\vm\prims\jni.cpp, line 1613]
Event: 2.277 Thread 0x0000000019d0f000 Exception <a 'java/lang/NoSuchMethodError': <clinit>> (0x00000000e154dfb8) thrown at [D:\src\AOSP-openjdk-cygwin\jdk8u\hotspot\src\share\vm\prims\jni.cpp, line 1613]
Event: 2.281 Thread 0x0000000019d0f000 Exception <a 'java/lang/NoSuchMethodError': <clinit>> (0x00000000e1574e80) thrown at [D:\src\AOSP-openjdk-cygwin\jdk8u\hotspot\src\share\vm\prims\jni.cpp, line 1613]
Event: 2.284 Thread 0x0000000019d0f000 Exception <a 'java/lang/NoSuchMethodError': <clinit>> (0x00000000e158ce80) thrown at [D:\src\AOSP-openjdk-cygwin\jdk8u\hotspot\src\share\vm\prims\jni.cpp, line 1613]
Event: 2.285 Thread 0x0000000019d0f000 Exception <a 'java/lang/NoSuchMethodError': <clinit>> (0x00000000e1595948) thrown at [D:\src\AOSP-openjdk-cygwin\jdk8u\hotspot\src\share\vm\prims\jni.cpp, line 1613]
Event: 2.288 Thread 0x0000000019d0f000 Exception <a 'java/lang/NoSuchMethodError': <clinit>> (0x00000000e15ab890) thrown at [D:\src\AOSP-openjdk-cygwin\jdk8u\hotspot\src\share\vm\prims\jni.cpp, line 1613]
Event: 2.301 Thread 0x0000000019d0f000 Exception <a 'java/lang/NoSuchMethodError': <clinit>> (0x00000000e1609ae0) thrown at [D:\src\AOSP-openjdk-cygwin\jdk8u\hotspot\src\share\vm\prims\jni.cpp, line 1613]
Event: 2.308 Thread 0x0000000019d0f000 Exception <a 'java/lang/NoSuchMethodError': <clinit>> (0x00000000e1635758) thrown at [D:\src\AOSP-openjdk-cygwin\jdk8u\hotspot\src\share\vm\prims\jni.cpp, line 1613]
Event: 2.326 Thread 0x0000000019d0f000 Exception <a 'java/lang/NoSuchMethodError': <clinit>> (0x00000000e16647f0) thrown at [D:\src\AOSP-openjdk-cygwin\jdk8u\hotspot\src\share\vm\prims\jni.cpp, line 1613]
Event: 2.327 Thread 0x0000000019d0f000 Exception <a 'java/lang/NoSuchMethodError': <clinit>> (0x00000000e166fb90) thrown at [D:\src\AOSP-openjdk-cygwin\jdk8u\hotspot\src\share\vm\prims\jni.cpp, line 1613]

Events (10 events):
Event: 3.637 loading class org/gradle/tooling/internal/provider/events/DefaultTestSuccessResult
Event: 3.637 loading class org/gradle/tooling/internal/provider/events/DefaultTestSuccessResult done
Event: 3.637 loading class org/gradle/tooling/internal/protocol/events/InternalTestSuccessResult
Event: 3.637 loading class org/gradle/tooling/internal/protocol/events/InternalTestSuccessResult done
Event: 3.646 loading class org/gradle/tooling/internal/protocol/events/InternalSuccessResult
Event: 3.646 loading class org/gradle/tooling/internal/protocol/events/InternalSuccessResult done
Event: 3.647 loading class org/gradle/tooling/internal/provider/events/DefaultTestSkippedResult
Event: 3.647 loading class org/gradle/tooling/internal/provider/events/DefaultTestSkippedResult done
Event: 3.647 loading class org/gradle/tooling/internal/protocol/events/InternalTestSkippedResult
Event: 3.647 loading class org/gradle/tooling/internal/protocol/events/InternalTestSkippedResult done


Dynamic libraries:
0x00007ff6cc340000 - 0x00007ff6cc371000 	C:\Program Files\Android\Android Studio1\jre\bin\java.exe
0x00007ffaab140000 - 0x00007ffaab321000 	C:\WINDOWS\SYSTEM32\ntdll.dll
0x00007ffaa8fb0000 - 0x00007ffaa9062000 	C:\WINDOWS\System32\KERNEL32.DLL
0x00007ffaa75b0000 - 0x00007ffaa7823000 	C:\WINDOWS\System32\KERNELBASE.dll
0x00007ffaab060000 - 0x00007ffaab101000 	C:\WINDOWS\System32\ADVAPI32.dll
0x00007ffaaab70000 - 0x00007ffaaac0e000 	C:\WINDOWS\System32\msvcrt.dll
0x00007ffaa9370000 - 0x00007ffaa93cb000 	C:\WINDOWS\System32\sechost.dll
0x00007ffaa8600000 - 0x00007ffaa8724000 	C:\WINDOWS\System32\RPCRT4.dll
0x00007ffaa8850000 - 0x00007ffaa89e0000 	C:\WINDOWS\System32\USER32.dll
0x00007ffaa7590000 - 0x00007ffaa75b0000 	C:\WINDOWS\System32\win32u.dll
0x00007ffaa85d0000 - 0x00007ffaa85f8000 	C:\WINDOWS\System32\GDI32.dll
0x00007ffaa81f0000 - 0x00007ffaa8382000 	C:\WINDOWS\System32\gdi32full.dll
0x00007ffaa7830000 - 0x00007ffaa78cf000 	C:\WINDOWS\System32\msvcp_win.dll
0x00007ffaa80f0000 - 0x00007ffaa81e8000 	C:\WINDOWS\System32\ucrtbase.dll
0x00007ffa904e0000 - 0x00007ffa90749000 	C:\WINDOWS\WinSxS\amd64_microsoft.windows.common-controls_6595b64144ccf1df_6.0.17134.648_none_fb45a0e93062a6d2\COMCTL32.dll
0x00007ffaa8a60000 - 0x00007ffaa8d82000 	C:\WINDOWS\System32\combase.dll
0x00007ffaa7510000 - 0x00007ffaa758a000 	C:\WINDOWS\System32\bcryptPrimitives.dll
0x00007ffaa8820000 - 0x00007ffaa884d000 	C:\WINDOWS\System32\IMM32.DLL
0x0000000070670000 - 0x0000000070742000 	C:\Program Files\Android\Android Studio1\jre\jre\bin\msvcr100.dll
0x0000000070750000 - 0x0000000070f91000 	C:\Program Files\Android\Android Studio1\jre\jre\bin\server\jvm.dll
0x00007ffaaab00000 - 0x00007ffaaab08000 	C:\WINDOWS\System32\PSAPI.DLL
0x00007ffaa5ff0000 - 0x00007ffaa5ff9000 	C:\WINDOWS\SYSTEM32\WSOCK32.dll
0x00007ffaa1b90000 - 0x00007ffaa1bb3000 	C:\WINDOWS\SYSTEM32\WINMM.dll
0x00007ffaa8f40000 - 0x00007ffaa8fac000 	C:\WINDOWS\System32\WS2_32.dll
0x00007ffaa5040000 - 0x00007ffaa504a000 	C:\WINDOWS\SYSTEM32\VERSION.dll
0x00007ffaa1b60000 - 0x00007ffaa1b8a000 	C:\WINDOWS\SYSTEM32\WINMMBASE.dll
0x00007ffaa8580000 - 0x00007ffaa85c9000 	C:\WINDOWS\System32\cfgmgr32.dll
0x00007ffaa5fe0000 - 0x00007ffaa5fef000 	C:\Program Files\Android\Android Studio1\jre\jre\bin\verify.dll
0x00007ffaa1650000 - 0x00007ffaa1679000 	C:\Program Files\Android\Android Studio1\jre\jre\bin\java.dll
0x00007ffaa20b0000 - 0x00007ffaa20c6000 	C:\Program Files\Android\Android Studio1\jre\jre\bin\zip.dll
0x00007ffaa93d0000 - 0x00007ffaaa810000 	C:\WINDOWS\System32\SHELL32.dll
0x00007ffaa8d90000 - 0x00007ffaa8e39000 	C:\WINDOWS\System32\shcore.dll
0x00007ffaa7930000 - 0x00007ffaa803d000 	C:\WINDOWS\System32\windows.storage.dll
0x00007ffaaab10000 - 0x00007ffaaab61000 	C:\WINDOWS\System32\shlwapi.dll
0x00007ffaa74a0000 - 0x00007ffaa74b1000 	C:\WINDOWS\System32\kernel.appcore.dll
0x00007ffaa74c0000 - 0x00007ffaa74df000 	C:\WINDOWS\System32\profapi.dll
0x00007ffaa7450000 - 0x00007ffaa749c000 	C:\WINDOWS\System32\powrprof.dll
0x00007ffaa74e0000 - 0x00007ffaa74ea000 	C:\WINDOWS\System32\FLTLIB.DLL
0x00007ffaa0440000 - 0x00007ffaa045a000 	C:\Program Files\Android\Android Studio1\jre\jre\bin\net.dll
0x00007ffaa6970000 - 0x00007ffaa69d6000 	C:\WINDOWS\system32\mswsock.dll
0x00007ffaa0420000 - 0x00007ffaa0431000 	C:\Program Files\Android\Android Studio1\jre\jre\bin\nio.dll
0x00007ffa87a50000 - 0x00007ffa87a6e000 	E:\Games\androidStudio\native\25\windows-amd64\native-platform.dll
0x00007ffaa5fd0000 - 0x00007ffaa5fdd000 	C:\Program Files\Android\Android Studio1\jre\jre\bin\management.dll
0x00007ffaa6fa0000 - 0x00007ffaa6fb7000 	C:\WINDOWS\SYSTEM32\CRYPTSP.dll
0x00007ffaa6550000 - 0x00007ffaa6583000 	C:\WINDOWS\system32\rsaenh.dll
0x00007ffaa6f70000 - 0x00007ffaa6f95000 	C:\WINDOWS\SYSTEM32\bcrypt.dll
0x00007ffaa7380000 - 0x00007ffaa73a8000 	C:\WINDOWS\SYSTEM32\USERENV.dll
0x00007ffaa6b20000 - 0x00007ffaa6b2b000 	C:\WINDOWS\SYSTEM32\CRYPTBASE.dll
0x00007ffaa66f0000 - 0x00007ffaa6728000 	C:\WINDOWS\SYSTEM32\IPHLPAPI.DLL
0x00007ffaa9360000 - 0x00007ffaa9368000 	C:\WINDOWS\System32\NSI.dll
0x00007ffa9e710000 - 0x00007ffa9e726000 	C:\WINDOWS\SYSTEM32\dhcpcsvc6.DLL
0x00007ffa9fad0000 - 0x00007ffa9faea000 	C:\WINDOWS\SYSTEM32\dhcpcsvc.DLL

VM Arguments:
jvm_args: -Xmx1536m -Dfile.encoding=windows-1251 -Duser.country=RU -Duser.language=ru -Duser.variant 
java_command: org.gradle.launcher.daemon.bootstrap.GradleDaemon 4.10.1
java_class_path (initial): E:\Games\androidStudio\wrapper\dists\gradle-4.10.1-all\455itskqi2qtf0v2sja68alqd\gradle-4.10.1\lib\gradle-launcher-4.10.1.jar
Launcher Type: SUN_STANDARD

Environment Variables:
PATH=C:\Program Files (x86)\Common Files\Oracle\Java\javapath;C:\ProgramData\Oracle\Java\javapath;C:\Windows\system32;C:\Windows;C:\Windows\System32\Wbem;C:\Windows\System32\WindowsPowerShell\v1.0\;C:\Program Files (x86)\NVIDIA Corporation\PhysX\Common;C:\Program Files\dotnet\;C:\Program Files\Microsoft SQL Server\130\Tools\Binn\;C:\WINDOWS\system32;C:\WINDOWS;C:\WINDOWS\System32\Wbem;C:\WINDOWS\System32\WindowsPowerShell\v1.0\;C:\WINDOWS\System32\OpenSSH\;C:\Program Files\NVIDIA Corporation\NVIDIA NvDLISR;C:\Program Files\Git\cmd;C:\Program Files\Java\jdk1.8.0_161\bin;%USERPROFILE%\AppData\Local\Microsoft\WindowsApps;
USERNAME=Елзовета
OS=Windows_NT
PROCESSOR_IDENTIFIER=Intel64 Family 6 Model 142 Stepping 9, GenuineIntel



---------------  S Y S T E M  ---------------

OS: Windows 10.0 , 64 bit Build 17134 (10.0.17134.648)

CPU:total 4 (initial active 4) (2 cores per cpu, 2 threads per core) family 6 model 142 stepping 9, cmov, cx8, fxsr, mmx, sse, sse2, sse3, ssse3, sse4.1, sse4.2, popcnt, avx, avx2, aes, clmul, erms, 3dnowpref, lzcnt, ht, tsc, tscinvbit, bmi1, bmi2, adx

Memory: 4k page, physical 6156516k(890492k free), swap 9302244k(4128k free)

vm_info: OpenJDK 64-Bit Server VM (25.152-b01) for windows-amd64 JRE (1.8.0_152-release-1248-b01), built by "builder" with MS VC++ 10.0 (VS2010)

time: Thu Mar 21 20:54:58 2019
elapsed time: 3 seconds (0d 0h 0m 3s)

