#
# There is insufficient memory for the Java Runtime Environment to continue.
# Native memory allocation (malloc) failed to allocate 1136496 bytes for Chunk::new
# Possible reasons:
#   The system is out of physical RAM or swap space
#   In 32 bit mode, the process size limit was hit
# Possible solutions:
#   Reduce memory load on the system
#   Increase physical memory or swap space
#   Check if swap backing store is full
#   Use 64 bit Java on a 64 bit OS
#   Decrease Java heap size (-Xmx/-Xms)
#   Decrease number of Java threads
#   Decrease Java thread stack sizes (-Xss)
#   Set larger code cache with -XX:ReservedCodeCacheSize=
# This output file may be truncated or incomplete.
#
#  Out of Memory Error (allocation.cpp:390), pid=4888, tid=0x0000000000001d94
#
# JRE version: OpenJDK Runtime Environment (8.0_152-b01) (build 1.8.0_152-release-1248-b01)
# Java VM: OpenJDK 64-Bit Server VM (25.152-b01 mixed mode windows-amd64 compressed oops)
# Failed to write core dump. Minidumps are not enabled by default on client versions of Windows
#

---------------  T H R E A D  ---------------

Current thread (0x00000000168fa800):  JavaThread "C2 CompilerThread0" daemon [_thread_in_native, id=7572, stack(0x0000000017f60000,0x0000000018060000)]

Stack: [0x0000000017f60000,0x0000000018060000]
[error occurred during error reporting (printing stack bounds), id 0xc0000005]

Native frames: (J=compiled Java code, j=interpreted, Vv=VM code, C=native code)


Current CompileTask:
C2:7609927 25021       4       com.android.tools.r8.ir.regalloc.LinearScanRegisterAllocator::allocateArgumentIntervalsWithSrc (419 bytes)


---------------  P R O C E S S  ---------------

Java Threads: ( => current thread )
  0x000000001c7a3000 JavaThread "ForkJoinPool.commonPool-worker-1" daemon [_thread_blocked, id=7944, stack(0x000000007fb60000,0x000000007fc60000)]
  0x000000001c79d000 JavaThread "ForkJoinPool.commonPool-worker-0" daemon [_thread_blocked, id=5636, stack(0x000000007fa60000,0x000000007fb60000)]
  0x000000001c79f000 JavaThread "ForkJoinPool.commonPool-worker-3" daemon [_thread_in_native, id=12960, stack(0x000000007f960000,0x000000007fa60000)]
  0x000000001c7a2000 JavaThread "Cache worker for Java compile cache (E:\Games\androidStudio\RecycleHW\.gradle\4.10.1\javaCompile)" [_thread_blocked, id=10560, stack(0x000000007f860000,0x000000007f960000)]
  0x000000001c7a1800 JavaThread "stdout" [_thread_in_native, id=10880, stack(0x000000007f760000,0x000000007f860000)]
  0x000000001ccb1000 JavaThread "stderr" [_thread_in_native, id=2408, stack(0x000000007f660000,0x000000007f760000)]
  0x000000001ccaf800 JavaThread "pool-199-thread-1" [_thread_blocked, id=13088, stack(0x000000007f560000,0x000000007f660000)]
  0x000000001ccab000 JavaThread "Cache worker for Build Output Cleanup Cache (E:\Games\androidStudio\RecycleHW\.gradle\buildOutputCleanup)" [_thread_blocked, id=9336, stack(0x000000007f360000,0x000000007f460000)]
  0x000000001ccae800 JavaThread "Cache worker for task history cache (E:\Games\androidStudio\RecycleHW\.gradle\4.10.1\taskHistory)" [_thread_blocked, id=2000, stack(0x000000007f260000,0x000000007f360000)]
  0x000000001ccae000 JavaThread "Task worker for ':' Thread 3" [_thread_blocked, id=1164, stack(0x000000007f160000,0x000000007f260000)]
  0x000000001ccad000 JavaThread "Task worker for ':' Thread 2" [_thread_blocked, id=7748, stack(0x000000007f060000,0x000000007f160000)]
  0x000000001cca3800 JavaThread "Task worker for ':'" [_thread_blocked, id=3588, stack(0x000000007ef60000,0x000000007f060000)]
  0x000000001ccaa000 JavaThread "Cache worker for file content cache (E:\Games\androidStudio\RecycleHW\.gradle\4.10.1\fileContent)" [_thread_blocked, id=7812, stack(0x000000007ee60000,0x000000007ef60000)]
  0x000000001cca2800 JavaThread "Build operations Thread 4" [_thread_blocked, id=10348, stack(0x000000007ed60000,0x000000007ee60000)]
  0x000000001cca5000 JavaThread "Build operations Thread 3" [_thread_blocked, id=7628, stack(0x000000007ec60000,0x000000007ed60000)]
  0x000000001cca9800 JavaThread "Build operations Thread 2" [_thread_blocked, id=860, stack(0x000000007eb60000,0x000000007ec60000)]
  0x000000001cca7000 JavaThread "Build operations" [_thread_blocked, id=10572, stack(0x000000007ea60000,0x000000007eb60000)]
  0x000000001cca4000 JavaThread "Cache worker for cache directory md-rule (E:\Games\androidStudio\caches\4.10.1\md-rule)" [_thread_blocked, id=3728, stack(0x000000007e960000,0x000000007ea60000)]
  0x000000001ca38000 JavaThread "Cache worker for cache directory md-supplier (E:\Games\androidStudio\caches\4.10.1\md-supplier)" [_thread_blocked, id=10768, stack(0x000000007e860000,0x000000007e960000)]
  0x000000001ca36800 JavaThread "Cache worker for file hash cache (E:\Games\androidStudio\RecycleHW\.gradle\4.10.1\fileHashes)" [_thread_blocked, id=4808, stack(0x000000007e760000,0x000000007e860000)]
  0x000000001ca39800 JavaThread "Stdin handler" [_thread_blocked, id=9632, stack(0x000000007e660000,0x000000007e760000)]
  0x000000001ca2d000 JavaThread "Asynchronous log dispatcher for DefaultDaemonConnection: socket connection from /127.0.0.1:49764 to /127.0.0.1:53647" [_thread_blocked, id=13188, stack(0x000000007e560000,0x000000007e660000)]
  0x000000001ca2c000 JavaThread "Daemon worker Thread 34" [_thread_blocked, id=2088, stack(0x000000007e460000,0x000000007e560000)]
  0x000000001ca2b800 JavaThread "Cancel handler" [_thread_blocked, id=8248, stack(0x000000007e360000,0x000000007e460000)]
  0x000000001ca32000 JavaThread "Handler for socket connection from /127.0.0.1:49764 to /127.0.0.1:53647" [_thread_in_native, id=3044, stack(0x000000007e260000,0x000000007e360000)]
  0x000000001ca30800 JavaThread "Daemon Thread 34" [_thread_blocked, id=12448, stack(0x000000007e160000,0x000000007e260000)]
  0x000000001ca33800 JavaThread "Cache worker for Java compile cache (E:\Games\androidStudio\caches\4.10.1\javaCompile)" [_thread_blocked, id=3560, stack(0x0000000034b30000,0x0000000034c30000)]
  0x000000001ca31800 JavaThread "Cache worker for file content cache (E:\Games\androidStudio\caches\4.10.1\fileContent)" [_thread_blocked, id=8076, stack(0x0000000022460000,0x0000000022560000)]
  0x000000001ca2e800 JavaThread "Memory manager" [_thread_blocked, id=13272, stack(0x0000000022360000,0x0000000022460000)]
  0x000000001bd01800 JavaThread "Cache worker for Artifact transforms cache (E:\Games\androidStudio\caches\transforms-1)" [_thread_blocked, id=11664, stack(0x0000000020470000,0x0000000020570000)]
  0x000000001bcfd000 JavaThread "Cache worker for journal cache (E:\Games\androidStudio\caches\journal-1)" [_thread_blocked, id=13028, stack(0x000000001ff70000,0x0000000020070000)]
  0x000000001c1c3000 JavaThread "File lock request listener" [_thread_in_native, id=10636, stack(0x000000001d4d0000,0x000000001d5d0000)]
  0x000000001b9aa800 JavaThread "Cache worker for file hash cache (E:\Games\androidStudio\caches\4.10.1\fileHashes)" [_thread_blocked, id=3920, stack(0x000000001d3d0000,0x000000001d4d0000)]
  0x0000000019883000 JavaThread "Daemon periodic checks" [_thread_blocked, id=6884, stack(0x000000001a7c0000,0x000000001a8c0000)]
  0x0000000019860800 JavaThread "Incoming local TCP Connector on port 49764" [_thread_in_native, id=11680, stack(0x000000001a570000,0x000000001a670000)]
  0x0000000018280800 JavaThread "Service Thread" daemon [_thread_blocked, id=1156, stack(0x0000000018660000,0x0000000018760000)]
  0x000000001690a000 JavaThread "C1 CompilerThread2" daemon [_thread_in_vm, id=9524, stack(0x0000000018160000,0x0000000018260000)]
  0x00000000168fe800 JavaThread "C2 CompilerThread1" daemon [_thread_in_native, id=2008, stack(0x0000000018060000,0x0000000018160000)]
=>0x00000000168fa800 JavaThread "C2 CompilerThread0" daemon [_thread_in_native, id=7572, stack(0x0000000017f60000,0x0000000018060000)]
  0x00000000168f9000 JavaThread "Attach Listener" daemon [_thread_blocked, id=10680, stack(0x0000000017e60000,0x0000000017f60000)]
  0x00000000168f8000 JavaThread "Signal Dispatcher" daemon [_thread_blocked, id=12556, stack(0x0000000017d60000,0x0000000017e60000)]
  0x0000000002f8b800 JavaThread "Finalizer" daemon [_thread_blocked, id=9360, stack(0x0000000017b60000,0x0000000017c60000)]
  0x0000000002f80800 JavaThread "Reference Handler" daemon [_thread_blocked, id=1332, stack(0x0000000017a60000,0x0000000017b60000)]
  0x0000000002e8d800 JavaThread "main" [_thread_blocked, id=8132, stack(0x0000000002c90000,0x0000000002d90000)]

Other Threads:
  0x00000000168c7000 VMThread [stack: 0x0000000017960000,0x0000000017a60000] [id=404]
  0x00000000182b3000 WatcherThread [stack: 0x0000000018760000,0x0000000018860000] [id=5704]

VM state:not at safepoint (normal execution)

VM Mutex/Monitor currently owned by a thread: None

Heap:
 PSYoungGen      total 74240K, used 61365K [0x00000000e0000000, 0x00000000e5f80000, 0x0000000100000000)
  eden space 54784K, 96% used [0x00000000e0000000,0x00000000e33712e0,0x00000000e3580000)
  from space 19456K, 44% used [0x00000000e3580000,0x00000000e3dfc2a0,0x00000000e4880000)
  to   space 18944K, 0% used [0x00000000e4d00000,0x00000000e4d00000,0x00000000e5f80000)
 ParOldGen       total 105472K, used 90896K [0x00000000a0000000, 0x00000000a6700000, 0x00000000e0000000)
  object space 105472K, 86% used [0x00000000a0000000,0x00000000a58c41b0,0x00000000a6700000)
 Metaspace       used 91273K, capacity 97004K, committed 97200K, reserved 1134592K
  class space    used 11393K, capacity 12403K, committed 12464K, reserved 1048576K

Card table byte_map: [0x0000000012350000,0x0000000012660000] byte_map_base: 0x0000000011e50000

Marking Bits: (ParMarkBitMap*) 0x0000000056b65aa0
 Begin Bits: [0x0000000012c60000, 0x0000000014460000)
 End Bits:   [0x0000000014460000, 0x0000000015c60000)

Polling page: 0x0000000001070000

CodeCache: size=245760Kb used=70416Kb max_used=70416Kb free=175343Kb
 bounds [0x0000000002f90000, 0x00000000074d0000, 0x0000000011f90000]
 total_blobs=20495 nmethods=19625 adapters=780
 compilation: enabled

Compilation events (10 events):
Event: 7608.578 Thread 0x000000001690a000 25064       2       java.util.TimSort::mergeHi (732 bytes)
Event: 7608.580 Thread 0x000000001690a000 nmethod 25064 0x00000000074c8a50 code [0x00000000074c8ce0, 0x00000000074ca3f8]
Event: 7608.614 Thread 0x000000001690a000 25067       2       com.android.tools.r8.graph.DexDebugEvent$AdvanceLine::writeOn (14 bytes)
Event: 7608.615 Thread 0x000000001690a000 nmethod 25067 0x00000000074cb210 code [0x00000000074cb3a0, 0x00000000074cb5e8]
Event: 7608.615 Thread 0x000000001690a000 25069       2       com.android.tools.r8.utils.LebUtils::encodeSleb128 (94 bytes)
Event: 7608.616 Thread 0x000000001690a000 nmethod 25069 0x00000000074cb7d0 code [0x00000000074cb940, 0x00000000074cbd48]
Event: 7608.616 Thread 0x000000001690a000 25068       2       com.android.tools.r8.dex.DebugBytecodeWriter::putSleb128 (24 bytes)
Event: 7608.616 Thread 0x000000001690a000 nmethod 25068 0x00000000074cbed0 code [0x00000000074cc040, 0x00000000074cc228]
Event: 7608.616 Thread 0x000000001690a000 25070       1       com.android.tools.r8.code.Const16::getOpcode (3 bytes)
Event: 7608.616 Thread 0x000000001690a000 nmethod 25070 0x00000000074cc350 code [0x00000000074cc4a0, 0x00000000074cc5b0]

GC Heap History (10 events):
Event: 6282.025 GC heap before
{Heap before GC invocations=128 (full 3):
 PSYoungGen      total 66560K, used 57976K [0x00000000e0000000, 0x00000000e5680000, 0x0000000100000000)
  eden space 45056K, 100% used [0x00000000e0000000,0x00000000e2c00000,0x00000000e2c00000)
  from space 21504K, 60% used [0x00000000e4100000,0x00000000e4d9e038,0x00000000e5600000)
  to   space 21504K, 0% used [0x00000000e2c00000,0x00000000e2c00000,0x00000000e4100000)
 ParOldGen       total 105472K, used 84284K [0x00000000a0000000, 0x00000000a6700000, 0x00000000e0000000)
  object space 105472K, 79% used [0x00000000a0000000,0x00000000a524f1b0,0x00000000a6700000)
 Metaspace       used 91063K, capacity 96718K, committed 96944K, reserved 1134592K
  class space    used 11392K, capacity 12402K, committed 12464K, reserved 1048576K
Event: 6282.043 GC heap after
Heap after GC invocations=128 (full 3):
 PSYoungGen      total 66560K, used 11623K [0x00000000e0000000, 0x00000000e5b00000, 0x0000000100000000)
  eden space 45056K, 0% used [0x00000000e0000000,0x00000000e0000000,0x00000000e2c00000)
  from space 21504K, 54% used [0x00000000e2c00000,0x00000000e3759db8,0x00000000e4100000)
  to   space 20992K, 0% used [0x00000000e4680000,0x00000000e4680000,0x00000000e5b00000)
 ParOldGen       total 105472K, used 84308K [0x00000000a0000000, 0x00000000a6700000, 0x00000000e0000000)
  object space 105472K, 79% used [0x00000000a0000000,0x00000000a52551b0,0x00000000a6700000)
 Metaspace       used 91063K, capacity 96718K, committed 96944K, reserved 1134592K
  class space    used 11392K, capacity 12402K, committed 12464K, reserved 1048576K
}
Event: 6546.298 GC heap before
{Heap before GC invocations=129 (full 3):
 PSYoungGen      total 66560K, used 56679K [0x00000000e0000000, 0x00000000e5b00000, 0x0000000100000000)
  eden space 45056K, 100% used [0x00000000e0000000,0x00000000e2c00000,0x00000000e2c00000)
  from space 21504K, 54% used [0x00000000e2c00000,0x00000000e3759db8,0x00000000e4100000)
  to   space 20992K, 0% used [0x00000000e4680000,0x00000000e4680000,0x00000000e5b00000)
 ParOldGen       total 105472K, used 84308K [0x00000000a0000000, 0x00000000a6700000, 0x00000000e0000000)
  object space 105472K, 79% used [0x00000000a0000000,0x00000000a52551b0,0x00000000a6700000)
 Metaspace       used 91072K, capacity 96718K, committed 96944K, reserved 1134592K
  class space    used 11392K, capacity 12402K, committed 12464K, reserved 1048576K
Event: 6546.307 GC heap after
Heap after GC invocations=129 (full 3):
 PSYoungGen      total 71168K, used 1104K [0x00000000e0000000, 0x00000000e5b00000, 0x0000000100000000)
  eden space 50176K, 0% used [0x00000000e0000000,0x00000000e0000000,0x00000000e3100000)
  from space 20992K, 5% used [0x00000000e4680000,0x00000000e4794108,0x00000000e5b00000)
  to   space 21504K, 0% used [0x00000000e3100000,0x00000000e3100000,0x00000000e4600000)
 ParOldGen       total 105472K, used 90526K [0x00000000a0000000, 0x00000000a6700000, 0x00000000e0000000)
  object space 105472K, 85% used [0x00000000a0000000,0x00000000a5867900,0x00000000a6700000)
 Metaspace       used 91072K, capacity 96718K, committed 96944K, reserved 1134592K
  class space    used 11392K, capacity 12402K, committed 12464K, reserved 1048576K
}
Event: 7596.197 GC heap before
{Heap before GC invocations=130 (full 3):
 PSYoungGen      total 71168K, used 51280K [0x00000000e0000000, 0x00000000e5b00000, 0x0000000100000000)
  eden space 50176K, 100% used [0x00000000e0000000,0x00000000e3100000,0x00000000e3100000)
  from space 20992K, 5% used [0x00000000e4680000,0x00000000e4794108,0x00000000e5b00000)
  to   space 21504K, 0% used [0x00000000e3100000,0x00000000e3100000,0x00000000e4600000)
 ParOldGen       total 105472K, used 90526K [0x00000000a0000000, 0x00000000a6700000, 0x00000000e0000000)
  object space 105472K, 85% used [0x00000000a0000000,0x00000000a5867900,0x00000000a6700000)
 Metaspace       used 91082K, capacity 96782K, committed 96944K, reserved 1134592K
  class space    used 11392K, capacity 12402K, committed 12464K, reserved 1048576K
Event: 7596.242 GC heap after
Heap after GC invocations=130 (full 3):
 PSYoungGen      total 71680K, used 9088K [0x00000000e0000000, 0x00000000e5e00000, 0x0000000100000000)
  eden space 50176K, 0% used [0x00000000e0000000,0x00000000e0000000,0x00000000e3100000)
  from space 21504K, 42% used [0x00000000e3100000,0x00000000e39e0030,0x00000000e4600000)
  to   space 20480K, 0% used [0x00000000e4a00000,0x00000000e4a00000,0x00000000e5e00000)
 ParOldGen       total 105472K, used 90888K [0x00000000a0000000, 0x00000000a6700000, 0x00000000e0000000)
  object space 105472K, 86% used [0x00000000a0000000,0x00000000a58c21b0,0x00000000a6700000)
 Metaspace       used 91082K, capacity 96782K, committed 96944K, reserved 1134592K
  class space    used 11392K, capacity 12402K, committed 12464K, reserved 1048576K
}
Event: 7605.597 GC heap before
{Heap before GC invocations=131 (full 3):
 PSYoungGen      total 71680K, used 59264K [0x00000000e0000000, 0x00000000e5e00000, 0x0000000100000000)
  eden space 50176K, 100% used [0x00000000e0000000,0x00000000e3100000,0x00000000e3100000)
  from space 21504K, 42% used [0x00000000e3100000,0x00000000e39e0030,0x00000000e4600000)
  to   space 20480K, 0% used [0x00000000e4a00000,0x00000000e4a00000,0x00000000e5e00000)
 ParOldGen       total 105472K, used 90888K [0x00000000a0000000, 0x00000000a6700000, 0x00000000e0000000)
  object space 105472K, 86% used [0x00000000a0000000,0x00000000a58c21b0,0x00000000a6700000)
 Metaspace       used 91091K, capacity 96782K, committed 96944K, reserved 1134592K
  class space    used 11392K, capacity 12402K, committed 12464K, reserved 1048576K
Event: 7605.616 GC heap after
Heap after GC invocations=131 (full 3):
 PSYoungGen      total 72704K, used 10412K [0x00000000e0000000, 0x00000000e5b80000, 0x0000000100000000)
  eden space 54784K, 0% used [0x00000000e0000000,0x00000000e0000000,0x00000000e3580000)
  from space 17920K, 58% used [0x00000000e4a00000,0x00000000e542b3c8,0x00000000e5b80000)
  to   space 19456K, 0% used [0x00000000e3580000,0x00000000e3580000,0x00000000e4880000)
 ParOldGen       total 105472K, used 90896K [0x00000000a0000000, 0x00000000a6700000, 0x00000000e0000000)
  object space 105472K, 86% used [0x00000000a0000000,0x00000000a58c41b0,0x00000000a6700000)
 Metaspace       used 91091K, capacity 96782K, committed 96944K, reserved 1134592K
  class space    used 11392K, capacity 12402K, committed 12464K, reserved 1048576K
}
Event: 7607.525 GC heap before
{Heap before GC invocations=132 (full 3):
 PSYoungGen      total 72704K, used 65190K [0x00000000e0000000, 0x00000000e5b80000, 0x0000000100000000)
  eden space 54784K, 99% used [0x00000000e0000000,0x00000000e357e750,0x00000000e3580000)
  from space 17920K, 58% used [0x00000000e4a00000,0x00000000e542b3c8,0x00000000e5b80000)
  to   space 19456K, 0% used [0x00000000e3580000,0x00000000e3580000,0x00000000e4880000)
 ParOldGen       total 105472K, used 90896K [0x00000000a0000000, 0x00000000a6700000, 0x00000000e0000000)
  object space 105472K, 86% used [0x00000000a0000000,0x00000000a58c41b0,0x00000000a6700000)
 Metaspace       used 91172K, capacity 96916K, committed 97200K, reserved 1134592K
  class space    used 11393K, capacity 12403K, committed 12464K, reserved 1048576K
Event: 7607.554 GC heap after
Heap after GC invocations=132 (full 3):
 PSYoungGen      total 74240K, used 8688K [0x00000000e0000000, 0x00000000e5f80000, 0x0000000100000000)
  eden space 54784K, 0% used [0x00000000e0000000,0x00000000e0000000,0x00000000e3580000)
  from space 19456K, 44% used [0x00000000e3580000,0x00000000e3dfc2a0,0x00000000e4880000)
  to   space 18944K, 0% used [0x00000000e4d00000,0x00000000e4d00000,0x00000000e5f80000)
 ParOldGen       total 105472K, used 90896K [0x00000000a0000000, 0x00000000a6700000, 0x00000000e0000000)
  object space 105472K, 86% used [0x00000000a0000000,0x00000000a58c41b0,0x00000000a6700000)
 Metaspace       used 91172K, capacity 96916K, committed 97200K, reserved 1134592K
  class space    used 11393K, capacity 12403K, committed 12464K, reserved 1048576K
}

Deoptimization events (10 events):
Event: 7607.794 Thread 0x000000001c79d000 Uncommon trap: reason=unstable_if action=reinterpret pc=0x00000000070463cc method=com.android.tools.r8.org.objectweb.asm.ClassReader.readField(Lcom/android/tools/r8/org/objectweb/asm/ClassVisitor;Lcom/android/tools/r8/org/objectweb/asm/Context;I)I @ 115
Event: 7607.823 Thread 0x000000001c79d000 Uncommon trap: reason=unstable_if action=reinterpret pc=0x0000000007150c30 method=com.android.tools.r8.ir.conversion.JarState.getLocalRegister(ILcom/android/tools/r8/org/objectweb/asm/Type;)I @ 72
Event: 7607.824 Thread 0x000000001c79d000 Uncommon trap: reason=unstable_if action=reinterpret pc=0x0000000006539b1c method=com.android.tools.r8.ir.conversion.JarState.getLocalRegister(ILcom/android/tools/r8/org/objectweb/asm/Type;)I @ 72
Event: 7607.902 Thread 0x000000001c79d000 Uncommon trap: reason=unstable_if action=reinterpret pc=0x0000000003904a40 method=java.util.Arrays.equals([Ljava/lang/Object;[Ljava/lang/Object;)Z @ 47
Event: 7608.387 Thread 0x000000001c79f000 Uncommon trap: reason=class_check action=maybe_recompile pc=0x00000000069585fc method=com.android.tools.r8.ir.optimize.MoveEliminator.shouldBeEliminated(Lcom/android/tools/r8/ir/code/Instruction;)Z @ 8
Event: 7608.564 Thread 0x000000001c79f000 Uncommon trap: reason=array_check action=maybe_recompile pc=0x00000000071b6358 method=java.util.TimSort.mergeHi(IIII)V @ 250
Event: 7608.565 Thread 0x000000001c79f000 Uncommon trap: reason=array_check action=maybe_recompile pc=0x000000000706c1d8 method=java.util.TimSort.mergeLo(IIII)V @ 212
Event: 7608.565 Thread 0x000000001c79f000 Uncommon trap: reason=array_check action=maybe_recompile pc=0x00000000071b63d0 method=java.util.TimSort.mergeHi(IIII)V @ 282
Event: 7608.565 Thread 0x000000001c79f000 Uncommon trap: reason=array_check action=maybe_recompile pc=0x000000000706c1d8 method=java.util.TimSort.mergeLo(IIII)V @ 212
Event: 7608.565 Thread 0x000000001c79f000 Uncommon trap: reason=array_check action=maybe_recompile pc=0x00000000071b6358 method=java.util.TimSort.mergeHi(IIII)V @ 250

Classes redefined (0 events):
No events

Internal exceptions (10 events):
Event: 7608.008 Thread 0x000000001c7a3000 Exception <a 'sun/nio/fs/WindowsException'> (0x00000000e0ee9130) thrown at [D:\src\AOSP-openjdk-cygwin\jdk8u\hotspot\src\share\vm\prims\jni.cpp, line 709]
Event: 7608.012 Thread 0x000000001c7a3000 Exception <a 'sun/nio/fs/WindowsException'> (0x00000000e0f32d40) thrown at [D:\src\AOSP-openjdk-cygwin\jdk8u\hotspot\src\share\vm\prims\jni.cpp, line 709]
Event: 7608.017 Thread 0x000000001c79d000 Exception <a 'sun/nio/fs/WindowsException'> (0x00000000e0f7e328) thrown at [D:\src\AOSP-openjdk-cygwin\jdk8u\hotspot\src\share\vm\prims\jni.cpp, line 709]
Event: 7608.033 Thread 0x000000001c7a3000 Exception <a 'sun/nio/fs/WindowsException'> (0x00000000e1002570) thrown at [D:\src\AOSP-openjdk-cygwin\jdk8u\hotspot\src\share\vm\prims\jni.cpp, line 709]
Event: 7608.047 Thread 0x000000001c79f000 Exception <a 'sun/nio/fs/WindowsException'> (0x00000000e10aa8d0) thrown at [D:\src\AOSP-openjdk-cygwin\jdk8u\hotspot\src\share\vm\prims\jni.cpp, line 709]
Event: 7608.135 Thread 0x000000001c79d000 Exception <a 'sun/nio/fs/WindowsException'> (0x00000000e13e8668) thrown at [D:\src\AOSP-openjdk-cygwin\jdk8u\hotspot\src\share\vm\prims\jni.cpp, line 709]
Event: 7608.141 Thread 0x000000001c79d000 Exception <a 'sun/nio/fs/WindowsException'> (0x00000000e14a4b10) thrown at [D:\src\AOSP-openjdk-cygwin\jdk8u\hotspot\src\share\vm\prims\jni.cpp, line 709]
Event: 7608.592 Thread 0x000000001c79f000 Exception <a 'sun/nio/fs/WindowsException'> (0x00000000e3243dc0) thrown at [D:\src\AOSP-openjdk-cygwin\jdk8u\hotspot\src\share\vm\prims\jni.cpp, line 709]
Event: 7608.600 Thread 0x000000001c79f000 Exception <a 'sun/nio/fs/WindowsException'> (0x00000000e3288e18) thrown at [D:\src\AOSP-openjdk-cygwin\jdk8u\hotspot\src\share\vm\prims\jni.cpp, line 709]
Event: 7608.616 Thread 0x000000001c79f000 Exception <a 'sun/nio/fs/WindowsException'> (0x00000000e32d9018) thrown at [D:\src\AOSP-openjdk-cygwin\jdk8u\hotspot\src\share\vm\prims\jni.cpp, line 709]

Events (10 events):
Event: 7608.565 Thread 0x000000001c79f000 Uncommon trap: trap_request=0xffffffd6 fr.pc=0x000000000706c1d8
Event: 7608.565 Thread 0x000000001c79f000 DEOPT PACKING pc=0x000000000706c1d8 sp=0x000000007fa5e3b0
Event: 7608.565 Thread 0x000000001c79f000 DEOPT UNPACKING pc=0x0000000002fd557b sp=0x000000007fa5e3a8 mode 2
Event: 7608.565 Thread 0x000000001c79f000 Uncommon trap: trap_request=0xffffffd6 fr.pc=0x00000000071b6358
Event: 7608.565 Thread 0x000000001c79f000 DEOPT PACKING pc=0x00000000071b6358 sp=0x000000007fa5e360
Event: 7608.565 Thread 0x000000001c79f000 DEOPT UNPACKING pc=0x0000000002fd557b sp=0x000000007fa5e350 mode 2
Event: 7608.581 Thread 0x000000001c79f000 DEOPT PACKING pc=0x00000000074c79d9 sp=0x000000007fa5de10
Event: 7608.581 Thread 0x000000001c79f000 DEOPT UNPACKING pc=0x0000000002fd75d0 sp=0x000000007fa5db80 mode 0
Event: 7608.581 Thread 0x000000001c79f000 DEOPT PACKING pc=0x00000000074ca111 sp=0x000000007fa5ddb0
Event: 7608.581 Thread 0x000000001c79f000 DEOPT UNPACKING pc=0x0000000002fd75d0 sp=0x000000007fa5db28 mode 0


Dynamic libraries:
0x00007ff7082f0000 - 0x00007ff708321000 	C:\Program Files\Android\Android Studio1\jre\bin\java.exe
0x00007ffcb1840000 - 0x00007ffcb1a21000 	C:\WINDOWS\SYSTEM32\ntdll.dll
0x00007ffcaeda0000 - 0x00007ffcaee52000 	C:\WINDOWS\System32\KERNEL32.DLL
0x00007ffcae270000 - 0x00007ffcae4e3000 	C:\WINDOWS\System32\KERNELBASE.dll
0x00007ffcb0e40000 - 0x00007ffcb0ee1000 	C:\WINDOWS\System32\ADVAPI32.dll
0x00007ffcaf090000 - 0x00007ffcaf12e000 	C:\WINDOWS\System32\msvcrt.dll
0x00007ffcaf400000 - 0x00007ffcaf45b000 	C:\WINDOWS\System32\sechost.dll
0x00007ffcaee60000 - 0x00007ffcaef84000 	C:\WINDOWS\System32\RPCRT4.dll
0x00007ffcaf490000 - 0x00007ffcaf620000 	C:\WINDOWS\System32\USER32.dll
0x00007ffcaec60000 - 0x00007ffcaec80000 	C:\WINDOWS\System32\win32u.dll
0x00007ffcb0df0000 - 0x00007ffcb0e18000 	C:\WINDOWS\System32\GDI32.dll
0x00007ffcadcc0000 - 0x00007ffcade52000 	C:\WINDOWS\System32\gdi32full.dll
0x00007ffcae0d0000 - 0x00007ffcae16f000 	C:\WINDOWS\System32\msvcp_win.dll
0x00007ffcae170000 - 0x00007ffcae268000 	C:\WINDOWS\System32\ucrtbase.dll
0x00007ffc991a0000 - 0x00007ffc99409000 	C:\WINDOWS\WinSxS\amd64_microsoft.windows.common-controls_6595b64144ccf1df_6.0.17134.648_none_fb45a0e93062a6d2\COMCTL32.dll
0x00007ffcaf680000 - 0x00007ffcaf9a2000 	C:\WINDOWS\System32\combase.dll
0x00007ffcae050000 - 0x00007ffcae0ca000 	C:\WINDOWS\System32\bcryptPrimitives.dll
0x00007ffcaf460000 - 0x00007ffcaf48d000 	C:\WINDOWS\System32\IMM32.DLL
0x0000000058180000 - 0x0000000058252000 	C:\Program Files\Android\Android Studio1\jre\jre\bin\msvcr100.dll
0x00000000563a0000 - 0x0000000056be1000 	C:\Program Files\Android\Android Studio1\jre\jre\bin\server\jvm.dll
0x00007ffcb1800000 - 0x00007ffcb1808000 	C:\WINDOWS\System32\PSAPI.DLL
0x00007ffc9ddc0000 - 0x00007ffc9dde3000 	C:\WINDOWS\SYSTEM32\WINMM.dll
0x00007ffca8770000 - 0x00007ffca877a000 	C:\WINDOWS\SYSTEM32\VERSION.dll
0x00007ffca9fa0000 - 0x00007ffca9fa9000 	C:\WINDOWS\SYSTEM32\WSOCK32.dll
0x00007ffc9db50000 - 0x00007ffc9db7a000 	C:\WINDOWS\SYSTEM32\winmmbase.dll
0x00007ffcaec80000 - 0x00007ffcaecc9000 	C:\WINDOWS\System32\cfgmgr32.dll
0x00007ffcaf390000 - 0x00007ffcaf3fc000 	C:\WINDOWS\System32\WS2_32.dll
0x00007ffca89d0000 - 0x00007ffca89df000 	C:\Program Files\Android\Android Studio1\jre\jre\bin\verify.dll
0x00007ffca89a0000 - 0x00007ffca89c9000 	C:\Program Files\Android\Android Studio1\jre\jre\bin\java.dll
0x00007ffca8980000 - 0x00007ffca8996000 	C:\Program Files\Android\Android Studio1\jre\jre\bin\zip.dll
0x00007ffcaf9b0000 - 0x00007ffcb0df0000 	C:\WINDOWS\System32\SHELL32.dll
0x00007ffcb1750000 - 0x00007ffcb17f9000 	C:\WINDOWS\System32\shcore.dll
0x00007ffcae550000 - 0x00007ffcaec5d000 	C:\WINDOWS\System32\windows.storage.dll
0x00007ffcb1210000 - 0x00007ffcb1261000 	C:\WINDOWS\System32\shlwapi.dll
0x00007ffcadbd0000 - 0x00007ffcadbe1000 	C:\WINDOWS\System32\kernel.appcore.dll
0x00007ffcadbf0000 - 0x00007ffcadc0f000 	C:\WINDOWS\System32\profapi.dll
0x00007ffcadb80000 - 0x00007ffcadbcc000 	C:\WINDOWS\System32\powrprof.dll
0x00007ffcadb70000 - 0x00007ffcadb7a000 	C:\WINDOWS\System32\FLTLIB.DLL
0x00007ffc9ec00000 - 0x00007ffc9ec1a000 	C:\Program Files\Android\Android Studio1\jre\jre\bin\net.dll
0x00007ffcad3d0000 - 0x00007ffcad436000 	C:\WINDOWS\system32\mswsock.dll
0x00007ffc9ebe0000 - 0x00007ffc9ebf1000 	C:\Program Files\Android\Android Studio1\jre\jre\bin\nio.dll
0x00007ffc8aff0000 - 0x00007ffc8b00e000 	E:\Games\androidStudio\native\25\windows-amd64\native-platform.dll
0x00007ffc9ebd0000 - 0x00007ffc9ebdd000 	C:\Program Files\Android\Android Studio1\jre\jre\bin\management.dll
0x00007ffcad590000 - 0x00007ffcad5a7000 	C:\WINDOWS\SYSTEM32\CRYPTSP.dll
0x00007ffcacfb0000 - 0x00007ffcacfe3000 	C:\WINDOWS\system32\rsaenh.dll
0x00007ffcad6b0000 - 0x00007ffcad6d5000 	C:\WINDOWS\SYSTEM32\bcrypt.dll
0x00007ffcada80000 - 0x00007ffcadaa8000 	C:\WINDOWS\SYSTEM32\USERENV.dll
0x00007ffcad580000 - 0x00007ffcad58b000 	C:\WINDOWS\SYSTEM32\CRYPTBASE.dll
0x00007ffcad150000 - 0x00007ffcad188000 	C:\WINDOWS\SYSTEM32\IPHLPAPI.DLL
0x00007ffcb1270000 - 0x00007ffcb1278000 	C:\WINDOWS\System32\NSI.dll
0x00007ffca5f60000 - 0x00007ffca5f76000 	C:\WINDOWS\SYSTEM32\dhcpcsvc6.DLL
0x00007ffca5f40000 - 0x00007ffca5f5a000 	C:\WINDOWS\SYSTEM32\dhcpcsvc.DLL

VM Arguments:
jvm_args: -Xmx1536m -Dfile.encoding=windows-1251 -Duser.country=RU -Duser.language=ru -Duser.variant 
java_command: org.gradle.launcher.daemon.bootstrap.GradleDaemon 4.10.1
java_class_path (initial): E:\Games\androidStudio\wrapper\dists\gradle-4.10.1-all\455itskqi2qtf0v2sja68alqd\gradle-4.10.1\lib\gradle-launcher-4.10.1.jar
Launcher Type: SUN_STANDARD

Environment Variables:
PATH=C:\Program Files (x86)\Common Files\Oracle\Java\javapath;C:\ProgramData\Oracle\Java\javapath;C:\Windows\system32;C:\Windows;C:\Windows\System32\Wbem;C:\Windows\System32\WindowsPowerShell\v1.0\;C:\Program Files (x86)\NVIDIA Corporation\PhysX\Common;C:\Program Files\dotnet\;C:\Program Files\Microsoft SQL Server\130\Tools\Binn\;C:\WINDOWS\system32;C:\WINDOWS;C:\WINDOWS\System32\Wbem;C:\WINDOWS\System32\WindowsPowerShell\v1.0\;C:\WINDOWS\System32\OpenSSH\;C:\Program Files\NVIDIA Corporation\NVIDIA NvDLISR;C:\Program Files\Git\cmd;C:\Program Files\Java\jdk1.8.0_161\bin;%USERPROFILE%\AppData\Local\Microsoft\WindowsApps;
USERNAME=Елзовета
OS=Windows_NT
PROCESSOR_IDENTIFIER=Intel64 Family 6 Model 142 Stepping 9, GenuineIntel



---------------  S Y S T E M  ---------------

OS: Windows 10.0 , 64 bit Build 17134 (10.0.17134.648)

CPU:total 4 (initial active 4) (2 cores per cpu, 2 threads per core) family 6 model 142 stepping 9, cmov, cx8, fxsr, mmx, sse, sse2, sse3, ssse3, sse4.1, sse4.2, popcnt, avx, avx2, aes, clmul, erms, 3dnowpref, lzcnt, ht, tsc, tscinvbit, bmi1, bmi2, adx

Memory: 4k page, physical 6156516k(262588k free), swap 9302244k(5556k free)

vm_info: OpenJDK 64-Bit Server VM (25.152-b01) for windows-amd64 JRE (1.8.0_152-release-1248-b01), built by "builder" with MS VC++ 10.0 (VS2010)

time: Sat Mar 23 21:30:28 2019
elapsed time: 7608 seconds (0d 2h 6m 48s)

